
*** Running vivado
    with args -log nexys4fpga_v2.vdi -applog -m64 -product Vivado -messageDb vivado.pb -mode batch -source nexys4fpga_v2.tcl -notrace


****** Vivado v2018.2 (64-bit)
  **** SW Build 2258646 on Thu Jun 14 20:03:12 MDT 2018
  **** IP Build 2256618 on Thu Jun 14 22:10:49 MDT 2018
    ** Copyright 1986-2018 Xilinx, Inc. All Rights Reserved.

source nexys4fpga_v2.tcl -notrace
Command: link_design -top nexys4fpga_v2 -part xc7a100tcsg324-1
Design is defaulting to srcset: sources_1
Design is defaulting to constrset: constrs_1
INFO: [Project 1-454] Reading design checkpoint 'd:/Projects/Code/ece540w20_proj3_r1_1/project_3/project_3.srcs/sources_1/ip/clk_wiz_0/clk_wiz_0.dcp' for cell 'generated_clock'
INFO: [Netlist 29-17] Analyzing 192 Unisim elements for replacement
INFO: [Netlist 29-28] Unisim Transformation completed in 0 CPU seconds
INFO: [Project 1-479] Netlist was created with Vivado 2018.2
INFO: [Device 21-403] Loading part xc7a100tcsg324-1
INFO: [Project 1-570] Preparing netlist for logic optimization
Parsing XDC File [d:/Projects/Code/ece540w20_proj3_r1_1/project_3/project_3.srcs/sources_1/ip/clk_wiz_0/clk_wiz_0_board.xdc] for cell 'generated_clock/inst'
Finished Parsing XDC File [d:/Projects/Code/ece540w20_proj3_r1_1/project_3/project_3.srcs/sources_1/ip/clk_wiz_0/clk_wiz_0_board.xdc] for cell 'generated_clock/inst'
Parsing XDC File [d:/Projects/Code/ece540w20_proj3_r1_1/project_3/project_3.srcs/sources_1/ip/clk_wiz_0/clk_wiz_0.xdc] for cell 'generated_clock/inst'
INFO: [Timing 38-35] Done setting XDC timing constraints. [d:/Projects/Code/ece540w20_proj3_r1_1/project_3/project_3.srcs/sources_1/ip/clk_wiz_0/clk_wiz_0.xdc:57]
INFO: [Timing 38-2] Deriving generated clocks [d:/Projects/Code/ece540w20_proj3_r1_1/project_3/project_3.srcs/sources_1/ip/clk_wiz_0/clk_wiz_0.xdc:57]
get_clocks: Time (s): cpu = 00:00:12 ; elapsed = 00:00:13 . Memory (MB): peak = 1217.414 ; gain = 571.551
Finished Parsing XDC File [d:/Projects/Code/ece540w20_proj3_r1_1/project_3/project_3.srcs/sources_1/ip/clk_wiz_0/clk_wiz_0.xdc] for cell 'generated_clock/inst'
Parsing XDC File [D:/Projects/Code/ece540w20_proj3_r1_1/project_3/project_3.srcs/constrs_1/imports/constraints/n4DDRfpga.xdc]
Finished Parsing XDC File [D:/Projects/Code/ece540w20_proj3_r1_1/project_3/project_3.srcs/constrs_1/imports/constraints/n4DDRfpga.xdc]
INFO: [Opt 31-138] Pushed 0 inverter(s) to 0 load pin(s).
INFO: [Project 1-111] Unisim Transformation Summary:
No Unisim elements were transformed.

10 Infos, 0 Warnings, 0 Critical Warnings and 0 Errors encountered.
link_design completed successfully
link_design: Time (s): cpu = 00:00:19 ; elapsed = 00:00:23 . Memory (MB): peak = 1217.414 ; gain = 920.473
Command: opt_design
Attempting to get a license for feature 'Implementation' and/or device 'xc7a100t'
INFO: [Common 17-349] Got license for feature 'Implementation' and/or device 'xc7a100t'
Running DRC as a precondition to command opt_design

Starting DRC Task
INFO: [DRC 23-27] Running DRC with 2 threads
INFO: [Project 1-461] DRC finished with 0 Errors
INFO: [Project 1-462] Please refer to the DRC report (report_drc) for more information.

Time (s): cpu = 00:00:02 ; elapsed = 00:00:00.916 . Memory (MB): peak = 1217.414 ; gain = 0.000

Starting Cache Timing Information Task
INFO: [Timing 38-35] Done setting XDC timing constraints.
INFO: [Timing 38-2] Deriving generated clocks
Ending Cache Timing Information Task | Checksum: 18d270085

Time (s): cpu = 00:00:00 ; elapsed = 00:00:00.240 . Memory (MB): peak = 1231.316 ; gain = 13.902

Starting Logic Optimization Task

Phase 1 Retarget
INFO: [Opt 31-138] Pushed 1 inverter(s) to 1 load pin(s).
INFO: [Opt 31-49] Retargeted 0 cell(s).
Phase 1 Retarget | Checksum: 8a95ed43

Time (s): cpu = 00:00:01 ; elapsed = 00:00:00.217 . Memory (MB): peak = 1231.316 ; gain = 0.000
INFO: [Opt 31-389] Phase Retarget created 0 cells and removed 0 cells

Phase 2 Constant propagation
INFO: [Opt 31-138] Pushed 0 inverter(s) to 0 load pin(s).
Phase 2 Constant propagation | Checksum: 8a95ed43

Time (s): cpu = 00:00:01 ; elapsed = 00:00:00.261 . Memory (MB): peak = 1231.316 ; gain = 0.000
INFO: [Opt 31-389] Phase Constant propagation created 0 cells and removed 0 cells

Phase 3 Sweep
Phase 3 Sweep | Checksum: 10eb44954

Time (s): cpu = 00:00:01 ; elapsed = 00:00:00.312 . Memory (MB): peak = 1231.316 ; gain = 0.000
INFO: [Opt 31-389] Phase Sweep created 11 cells and removed 5 cells

Phase 4 BUFG optimization
Phase 4 BUFG optimization | Checksum: 10eb44954

Time (s): cpu = 00:00:01 ; elapsed = 00:00:00.368 . Memory (MB): peak = 1231.316 ; gain = 0.000
INFO: [Opt 31-662] Phase BUFG optimization created 0 cells of which 0 are BUFGs and removed 0 cells.

Phase 5 Shift Register Optimization
Phase 5 Shift Register Optimization | Checksum: 1e26b5974

Time (s): cpu = 00:00:01 ; elapsed = 00:00:00.506 . Memory (MB): peak = 1231.316 ; gain = 0.000
INFO: [Opt 31-389] Phase Shift Register Optimization created 0 cells and removed 0 cells

Phase 6 Post Processing Netlist
Phase 6 Post Processing Netlist | Checksum: 1b4763476

Time (s): cpu = 00:00:01 ; elapsed = 00:00:00.519 . Memory (MB): peak = 1231.316 ; gain = 0.000
INFO: [Opt 31-389] Phase Post Processing Netlist created 0 cells and removed 0 cells

Starting Connectivity Check Task

Time (s): cpu = 00:00:00 ; elapsed = 00:00:00.004 . Memory (MB): peak = 1231.316 ; gain = 0.000
Ending Logic Optimization Task | Checksum: 10ebf29ec

Time (s): cpu = 00:00:01 ; elapsed = 00:00:00.534 . Memory (MB): peak = 1231.316 ; gain = 0.000

Starting Power Optimization Task
INFO: [Pwropt 34-132] Skipping clock gating for clocks with a period < 2.00 ns.
Ending Power Optimization Task | Checksum: 10ebf29ec

Time (s): cpu = 00:00:00 ; elapsed = 00:00:00.014 . Memory (MB): peak = 1231.316 ; gain = 0.000

Starting Final Cleanup Task
Ending Final Cleanup Task | Checksum: 10ebf29ec

Time (s): cpu = 00:00:00 ; elapsed = 00:00:00.001 . Memory (MB): peak = 1231.316 ; gain = 0.000
INFO: [Common 17-83] Releasing license: Implementation
27 Infos, 0 Warnings, 0 Critical Warnings and 0 Errors encountered.
opt_design completed successfully
INFO: [Timing 38-480] Writing timing data to binary archive.
Writing placer database...
Writing XDEF routing.
Writing XDEF routing logical nets.
Writing XDEF routing special nets.
Write XDEF Complete: Time (s): cpu = 00:00:00 ; elapsed = 00:00:00.066 . Memory (MB): peak = 1231.316 ; gain = 0.000
INFO: [Common 17-1381] The checkpoint 'D:/Projects/Code/ece540w20_proj3_r1_1/project_3/project_3.runs/impl_183/nexys4fpga_v2_opt.dcp' has been generated.
INFO: [runtcl-4] Executing : report_drc -file nexys4fpga_v2_drc_opted.rpt -pb nexys4fpga_v2_drc_opted.pb -rpx nexys4fpga_v2_drc_opted.rpx
Command: report_drc -file nexys4fpga_v2_drc_opted.rpt -pb nexys4fpga_v2_drc_opted.pb -rpx nexys4fpga_v2_drc_opted.rpx
INFO: [DRC 23-27] Running DRC with 2 threads
INFO: [Coretcl 2-168] The results of DRC are in file D:/Projects/Code/ece540w20_proj3_r1_1/project_3/project_3.runs/impl_183/nexys4fpga_v2_drc_opted.rpt.
report_drc completed successfully
Command: place_design -directive ExtraTimingOpt
Attempting to get a license for feature 'Implementation' and/or device 'xc7a100t'
INFO: [Common 17-349] Got license for feature 'Implementation' and/or device 'xc7a100t'
INFO: [DRC 23-27] Running DRC with 2 threads
INFO: [Vivado_Tcl 4-198] DRC finished with 0 Errors
INFO: [Vivado_Tcl 4-199] Please refer to the DRC report (report_drc) for more information.
Running DRC as a precondition to command place_design
INFO: [DRC 23-27] Running DRC with 2 threads
INFO: [Vivado_Tcl 4-198] DRC finished with 0 Errors
INFO: [Vivado_Tcl 4-199] Please refer to the DRC report (report_drc) for more information.

Starting Placer Task
INFO: [Place 46-5] The placer was invoked with the 'ExtraTimingOpt' directive.
INFO: [Place 30-611] Multithreading enabled for place_design using a maximum of 2 CPUs

Phase 1 Placer Initialization

Phase 1.1 Placer Initialization Netlist Sorting
Netlist sorting complete. Time (s): cpu = 00:00:00 ; elapsed = 00:00:00.004 . Memory (MB): peak = 1231.316 ; gain = 0.000
Phase 1.1 Placer Initialization Netlist Sorting | Checksum: 10d6b610c

Time (s): cpu = 00:00:00 ; elapsed = 00:00:00.017 . Memory (MB): peak = 1231.316 ; gain = 0.000
INFO: [Timing 38-35] Done setting XDC timing constraints.
INFO: [Opt 31-138] Pushed 0 inverter(s) to 0 load pin(s).
Netlist sorting complete. Time (s): cpu = 00:00:00 ; elapsed = 00:00:00.001 . Memory (MB): peak = 1231.316 ; gain = 0.000

Phase 1.2 IO Placement/ Clock Placement/ Build Placer Device
INFO: [Timing 38-35] Done setting XDC timing constraints.
Phase 1.2 IO Placement/ Clock Placement/ Build Placer Device | Checksum: f410bea8

Time (s): cpu = 00:00:02 ; elapsed = 00:00:01 . Memory (MB): peak = 1231.316 ; gain = 0.000

Phase 1.3 Build Placer Netlist Model
Phase 1.3 Build Placer Netlist Model | Checksum: 1633723c6

Time (s): cpu = 00:00:03 ; elapsed = 00:00:02 . Memory (MB): peak = 1231.316 ; gain = 0.000

Phase 1.4 Constrain Clocks/Macros
Phase 1.4 Constrain Clocks/Macros | Checksum: 1633723c6

Time (s): cpu = 00:00:03 ; elapsed = 00:00:02 . Memory (MB): peak = 1231.316 ; gain = 0.000
Phase 1 Placer Initialization | Checksum: 1633723c6

Time (s): cpu = 00:00:03 ; elapsed = 00:00:02 . Memory (MB): peak = 1231.316 ; gain = 0.000

Phase 2 Global Placement

Phase 2.1 Floorplanning
Phase 2.1 Floorplanning | Checksum: 18cae94ca

Time (s): cpu = 00:00:03 ; elapsed = 00:00:02 . Memory (MB): peak = 1231.316 ; gain = 0.000

Phase 2.2 Physical Synthesis In Placer
INFO: [Physopt 32-65] No nets found for high-fanout optimization.
INFO: [Physopt 32-232] Optimized 0 net. Created 0 new instance.
INFO: [Physopt 32-775] End 1 Pass. Optimized 0 net or cell. Created 0 new cell, deleted 0 existing cell and moved 0 existing cell
Netlist sorting complete. Time (s): cpu = 00:00:00 ; elapsed = 00:00:00.003 . Memory (MB): peak = 1231.316 ; gain = 0.000

Summary of Physical Synthesis Optimizations
============================================


-----------------------------------------------------------------------------------------------------------------------------
|  Optimization       |  Added Cells  |  Removed Cells  |  Optimized Cells/Nets  |  Dont Touch  |  Iterations  |  Elapsed   |
-----------------------------------------------------------------------------------------------------------------------------
|  Very High Fanout   |            0  |              0  |                     0  |           0  |           1  |  00:00:00  |
|  Total              |            0  |              0  |                     0  |           0  |           1  |  00:00:00  |
-----------------------------------------------------------------------------------------------------------------------------


Phase 2.2 Physical Synthesis In Placer | Checksum: 1c1bacdcd

Time (s): cpu = 00:00:13 ; elapsed = 00:00:09 . Memory (MB): peak = 1231.316 ; gain = 0.000
Phase 2 Global Placement | Checksum: 1daaa711a

Time (s): cpu = 00:00:13 ; elapsed = 00:00:09 . Memory (MB): peak = 1231.316 ; gain = 0.000

Phase 3 Detail Placement

Phase 3.1 Commit Multi Column Macros
Phase 3.1 Commit Multi Column Macros | Checksum: 1daaa711a

Time (s): cpu = 00:00:13 ; elapsed = 00:00:09 . Memory (MB): peak = 1231.316 ; gain = 0.000

Phase 3.2 Commit Most Macros & LUTRAMs
Phase 3.2 Commit Most Macros & LUTRAMs | Checksum: 153431ab9

Time (s): cpu = 00:00:13 ; elapsed = 00:00:09 . Memory (MB): peak = 1231.316 ; gain = 0.000

Phase 3.3 Area Swap Optimization
Phase 3.3 Area Swap Optimization | Checksum: 200de9ec5

Time (s): cpu = 00:00:13 ; elapsed = 00:00:09 . Memory (MB): peak = 1231.316 ; gain = 0.000

Phase 3.4 Pipeline Register Optimization
Phase 3.4 Pipeline Register Optimization | Checksum: 174d431fe

Time (s): cpu = 00:00:13 ; elapsed = 00:00:09 . Memory (MB): peak = 1231.316 ; gain = 0.000

Phase 3.5 Small Shape Detail Placement
Phase 3.5 Small Shape Detail Placement | Checksum: 1616fab32

Time (s): cpu = 00:00:14 ; elapsed = 00:00:10 . Memory (MB): peak = 1231.316 ; gain = 0.000

Phase 3.6 Re-assign LUT pins
Phase 3.6 Re-assign LUT pins | Checksum: eb562cb0

Time (s): cpu = 00:00:14 ; elapsed = 00:00:10 . Memory (MB): peak = 1231.316 ; gain = 0.000

Phase 3.7 Pipeline Register Optimization
Phase 3.7 Pipeline Register Optimization | Checksum: eb562cb0

Time (s): cpu = 00:00:14 ; elapsed = 00:00:10 . Memory (MB): peak = 1231.316 ; gain = 0.000
Phase 3 Detail Placement | Checksum: eb562cb0

Time (s): cpu = 00:00:14 ; elapsed = 00:00:10 . Memory (MB): peak = 1231.316 ; gain = 0.000

Phase 4 Post Placement Optimization and Clean-Up

Phase 4.1 Post Commit Optimization
INFO: [Timing 38-35] Done setting XDC timing constraints.

Phase 4.1.1 Post Placement Optimization
Post Placement Optimization Initialization | Checksum: 17e4602f0

Phase 4.1.1.1 BUFG Insertion
INFO: [Place 46-31] BUFG insertion identified 0 candidate nets, 0 success, 0 skipped for placement/routing, 0 skipped for timing, 0 skipped for netlist change reason.
Phase 4.1.1.1 BUFG Insertion | Checksum: 17e4602f0

Time (s): cpu = 00:00:15 ; elapsed = 00:00:11 . Memory (MB): peak = 1238.328 ; gain = 7.012
INFO: [Place 30-746] Post Placement Timing Summary WNS=0.594. For the most accurate timing information please run report_timing.
Phase 4.1.1 Post Placement Optimization | Checksum: 1b3c2e7ac

Time (s): cpu = 00:00:15 ; elapsed = 00:00:11 . Memory (MB): peak = 1238.328 ; gain = 7.012
Phase 4.1 Post Commit Optimization | Checksum: 1b3c2e7ac

Time (s): cpu = 00:00:15 ; elapsed = 00:00:11 . Memory (MB): peak = 1238.328 ; gain = 7.012

Phase 4.2 Post Placement Cleanup
Phase 4.2 Post Placement Cleanup | Checksum: 1b3c2e7ac

Time (s): cpu = 00:00:15 ; elapsed = 00:00:11 . Memory (MB): peak = 1238.328 ; gain = 7.012

Phase 4.3 Placer Reporting
Phase 4.3 Placer Reporting | Checksum: 1b3c2e7ac

Time (s): cpu = 00:00:15 ; elapsed = 00:00:11 . Memory (MB): peak = 1238.328 ; gain = 7.012

Phase 4.4 Final Placement Cleanup
Phase 4.4 Final Placement Cleanup | Checksum: 12e5d9514

Time (s): cpu = 00:00:15 ; elapsed = 00:00:11 . Memory (MB): peak = 1238.328 ; gain = 7.012
Phase 4 Post Placement Optimization and Clean-Up | Checksum: 12e5d9514

Time (s): cpu = 00:00:15 ; elapsed = 00:00:11 . Memory (MB): peak = 1238.328 ; gain = 7.012
Ending Placer Task | Checksum: 91c97a59

Time (s): cpu = 00:00:15 ; elapsed = 00:00:11 . Memory (MB): peak = 1238.328 ; gain = 7.012
INFO: [Common 17-83] Releasing license: Implementation
51 Infos, 0 Warnings, 0 Critical Warnings and 0 Errors encountered.
place_design completed successfully
place_design: Time (s): cpu = 00:00:17 ; elapsed = 00:00:12 . Memory (MB): peak = 1238.328 ; gain = 7.012
INFO: [Timing 38-480] Writing timing data to binary archive.
Writing placer database...
Writing XDEF routing.
Writing XDEF routing logical nets.
Writing XDEF routing special nets.
Write XDEF Complete: Time (s): cpu = 00:00:01 ; elapsed = 00:00:00.239 . Memory (MB): peak = 1245.906 ; gain = 7.578
INFO: [Common 17-1381] The checkpoint 'D:/Projects/Code/ece540w20_proj3_r1_1/project_3/project_3.runs/impl_183/nexys4fpga_v2_placed.dcp' has been generated.
INFO: [runtcl-4] Executing : report_io -file nexys4fpga_v2_io_placed.rpt
report_io: Time (s): cpu = 00:00:00 ; elapsed = 00:00:00.084 . Memory (MB): peak = 1245.906 ; gain = 0.000
INFO: [runtcl-4] Executing : report_utilization -file nexys4fpga_v2_utilization_placed.rpt -pb nexys4fpga_v2_utilization_placed.pb
report_utilization: Time (s): cpu = 00:00:00 ; elapsed = 00:00:00.078 . Memory (MB): peak = 1245.906 ; gain = 0.000
INFO: [runtcl-4] Executing : report_control_sets -verbose -file nexys4fpga_v2_control_sets_placed.rpt
report_control_sets: Time (s): cpu = 00:00:00 ; elapsed = 00:00:00.021 . Memory (MB): peak = 1245.906 ; gain = 0.000
Command: phys_opt_design -directive Explore
Attempting to get a license for feature 'Implementation' and/or device 'xc7a100t'
INFO: [Common 17-349] Got license for feature 'Implementation' and/or device 'xc7a100t'
INFO: [Vivado_Tcl 4-137] Directive used for phys_opt_design is: Explore
INFO: [Vivado_Tcl 4-383] Design worst setup slack (WNS) is greater than or equal to 0.250 ns. Skipping all physical synthesis optimizations.
INFO: [Vivado_Tcl 4-232] No setup violation found. The netlist was not modified.
INFO: [Common 17-83] Releasing license: Implementation
61 Infos, 0 Warnings, 0 Critical Warnings and 0 Errors encountered.
phys_opt_design completed successfully
INFO: [Timing 38-480] Writing timing data to binary archive.
Writing placer database...
Writing XDEF routing.
Writing XDEF routing logical nets.
Writing XDEF routing special nets.
Write XDEF Complete: Time (s): cpu = 00:00:01 ; elapsed = 00:00:00.236 . Memory (MB): peak = 1245.906 ; gain = 0.000
INFO: [Common 17-1381] The checkpoint 'D:/Projects/Code/ece540w20_proj3_r1_1/project_3/project_3.runs/impl_183/nexys4fpga_v2_physopt.dcp' has been generated.
Command: route_design -directive NoTimingRelaxation
Attempting to get a license for feature 'Implementation' and/or device 'xc7a100t'
INFO: [Common 17-349] Got license for feature 'Implementation' and/or device 'xc7a100t'
Running DRC as a precondition to command route_design
INFO: [DRC 23-27] Running DRC with 2 threads
INFO: [Vivado_Tcl 4-198] DRC finished with 0 Errors
INFO: [Vivado_Tcl 4-199] Please refer to the DRC report (report_drc) for more information.


Starting Routing Task
INFO: [Route 35-270] Using Router directive 'NoTimingRelaxation'.
INFO: [Route 35-254] Multithreading enabled for route_design using a maximum of 2 CPUs
Checksum: PlaceDB: 7be82ab2 ConstDB: 0 ShapeSum: 15e14fa7 RouteDB: 0

Phase 1 Build RT Design
Phase 1 Build RT Design | Checksum: 1ac12a577

Time (s): cpu = 00:00:37 ; elapsed = 00:00:31 . Memory (MB): peak = 1376.574 ; gain = 130.668
Post Restoration Checksum: NetGraph: f79822d6 NumContArr: b47a82a1 Constraints: 0 Timing: 0

Phase 2 Router Initialization

Phase 2.1 Create Timer
Phase 2.1 Create Timer | Checksum: 1ac12a577

Time (s): cpu = 00:00:37 ; elapsed = 00:00:31 . Memory (MB): peak = 1376.574 ; gain = 130.668

Phase 2.2 Fix Topology Constraints
Phase 2.2 Fix Topology Constraints | Checksum: 1ac12a577

Time (s): cpu = 00:00:37 ; elapsed = 00:00:31 . Memory (MB): peak = 1382.027 ; gain = 136.121

Phase 2.3 Pre Route Cleanup
Phase 2.3 Pre Route Cleanup | Checksum: 1ac12a577

Time (s): cpu = 00:00:37 ; elapsed = 00:00:31 . Memory (MB): peak = 1382.027 ; gain = 136.121
 Number of Nodes with overlaps = 0

Phase 2.4 Update Timing
Phase 2.4 Update Timing | Checksum: 1838d6b57

Time (s): cpu = 00:00:38 ; elapsed = 00:00:32 . Memory (MB): peak = 1399.008 ; gain = 153.102
INFO: [Route 35-416] Intermediate Timing Summary | WNS=0.671  | TNS=0.000  | WHS=-0.210 | THS=-60.409|

Phase 2 Router Initialization | Checksum: 132656a6f

Time (s): cpu = 00:00:39 ; elapsed = 00:00:33 . Memory (MB): peak = 1399.008 ; gain = 153.102

Phase 3 Initial Routing
Phase 3 Initial Routing | Checksum: 29816531f

Time (s): cpu = 00:00:39 ; elapsed = 00:00:33 . Memory (MB): peak = 1399.008 ; gain = 153.102

Phase 4 Rip-up And Reroute

Phase 4.1 Global Iteration 0
 Number of Nodes with overlaps = 202
 Number of Nodes with overlaps = 69
 Number of Nodes with overlaps = 29
 Number of Nodes with overlaps = 13
 Number of Nodes with overlaps = 6
 Number of Nodes with overlaps = 1
 Number of Nodes with overlaps = 1
 Number of Nodes with overlaps = 1
 Number of Nodes with overlaps = 2
 Number of Nodes with overlaps = 0
INFO: [Route 35-416] Intermediate Timing Summary | WNS=0.751  | TNS=0.000  | WHS=N/A    | THS=N/A    |

Phase 4.1 Global Iteration 0 | Checksum: 1577bac0b

Time (s): cpu = 00:00:43 ; elapsed = 00:00:35 . Memory (MB): peak = 1399.008 ; gain = 153.102
Phase 4 Rip-up And Reroute | Checksum: 1577bac0b

Time (s): cpu = 00:00:43 ; elapsed = 00:00:35 . Memory (MB): peak = 1399.008 ; gain = 153.102

Phase 5 Delay and Skew Optimization

Phase 5.1 Delay CleanUp

Phase 5.1.1 Update Timing
Phase 5.1.1 Update Timing | Checksum: 152349870

Time (s): cpu = 00:00:43 ; elapsed = 00:00:35 . Memory (MB): peak = 1399.008 ; gain = 153.102
INFO: [Route 35-416] Intermediate Timing Summary | WNS=0.831  | TNS=0.000  | WHS=N/A    | THS=N/A    |

Phase 5.1 Delay CleanUp | Checksum: 152349870

Time (s): cpu = 00:00:43 ; elapsed = 00:00:35 . Memory (MB): peak = 1399.008 ; gain = 153.102

Phase 5.2 Clock Skew Optimization
Phase 5.2 Clock Skew Optimization | Checksum: 152349870

Time (s): cpu = 00:00:43 ; elapsed = 00:00:35 . Memory (MB): peak = 1399.008 ; gain = 153.102
Phase 5 Delay and Skew Optimization | Checksum: 152349870

Time (s): cpu = 00:00:43 ; elapsed = 00:00:35 . Memory (MB): peak = 1399.008 ; gain = 153.102

Phase 6 Post Hold Fix

Phase 6.1 Hold Fix Iter

Phase 6.1.1 Update Timing
Phase 6.1.1 Update Timing | Checksum: d71e2f74

Time (s): cpu = 00:00:44 ; elapsed = 00:00:35 . Memory (MB): peak = 1399.008 ; gain = 153.102
INFO: [Route 35-416] Intermediate Timing Summary | WNS=0.831  | TNS=0.000  | WHS=0.017  | THS=0.000  |

Phase 6.1 Hold Fix Iter | Checksum: d149e23b

Time (s): cpu = 00:00:44 ; elapsed = 00:00:35 . Memory (MB): peak = 1399.008 ; gain = 153.102
Phase 6 Post Hold Fix | Checksum: d149e23b

Time (s): cpu = 00:00:44 ; elapsed = 00:00:35 . Memory (MB): peak = 1399.008 ; gain = 153.102

Phase 7 Route finalize

Router Utilization Summary
  Global Vertical Routing Utilization    = 0.310789 %
  Global Horizontal Routing Utilization  = 0.332978 %
  Routable Net Status*
  *Does not include unroutable nets such as driverless and loadless.
  Run report_route_status for detailed report.
  Number of Failed Nets               = 0
  Number of Unrouted Nets             = 0
  Number of Partially Routed Nets     = 0
  Number of Node Overlaps             = 0

Phase 7 Route finalize | Checksum: 10089d90a

Time (s): cpu = 00:00:44 ; elapsed = 00:00:36 . Memory (MB): peak = 1399.008 ; gain = 153.102

Phase 8 Verifying routed nets

 Verification completed successfully
Phase 8 Verifying routed nets | Checksum: 10089d90a

Time (s): cpu = 00:00:44 ; elapsed = 00:00:36 . Memory (MB): peak = 1399.008 ; gain = 153.102

Phase 9 Depositing Routes
Phase 9 Depositing Routes | Checksum: 1a3782a8a

Time (s): cpu = 00:00:44 ; elapsed = 00:00:36 . Memory (MB): peak = 1399.008 ; gain = 153.102

Phase 10 Post Router Timing
INFO: [Route 35-20] Post Routing Timing Summary | WNS=0.833  | TNS=0.000  | WHS=0.020  | THS=0.000  |

INFO: [Route 35-61] The design met the timing requirement.
Phase 10 Post Router Timing | Checksum: 1af7512bb

Time (s): cpu = 00:00:45 ; elapsed = 00:00:36 . Memory (MB): peak = 1399.008 ; gain = 153.102
INFO: [Route 35-16] Router Completed Successfully

Time (s): cpu = 00:00:45 ; elapsed = 00:00:36 . Memory (MB): peak = 1399.008 ; gain = 153.102

Routing Is Done.
INFO: [Common 17-83] Releasing license: Implementation
77 Infos, 0 Warnings, 0 Critical Warnings and 0 Errors encountered.
route_design completed successfully
route_design: Time (s): cpu = 00:00:47 ; elapsed = 00:00:38 . Memory (MB): peak = 1399.008 ; gain = 153.102
INFO: [Timing 38-480] Writing timing data to binary archive.
Writing placer database...
Writing XDEF routing.
Writing XDEF routing logical nets.
Writing XDEF routing special nets.
Write XDEF Complete: Time (s): cpu = 00:00:01 ; elapsed = 00:00:00.288 . Memory (MB): peak = 1399.008 ; gain = 0.000
INFO: [Common 17-1381] The checkpoint 'D:/Projects/Code/ece540w20_proj3_r1_1/project_3/project_3.runs/impl_183/nexys4fpga_v2_routed.dcp' has been generated.
INFO: [runtcl-4] Executing : report_drc -file nexys4fpga_v2_drc_routed.rpt -pb nexys4fpga_v2_drc_routed.pb -rpx nexys4fpga_v2_drc_routed.rpx
Command: report_drc -file nexys4fpga_v2_drc_routed.rpt -pb nexys4fpga_v2_drc_routed.pb -rpx nexys4fpga_v2_drc_routed.rpx
INFO: [DRC 23-27] Running DRC with 2 threads
INFO: [Coretcl 2-168] The results of DRC are in file D:/Projects/Code/ece540w20_proj3_r1_1/project_3/project_3.runs/impl_183/nexys4fpga_v2_drc_routed.rpt.
report_drc completed successfully
INFO: [runtcl-4] Executing : report_methodology -file nexys4fpga_v2_methodology_drc_routed.rpt -pb nexys4fpga_v2_methodology_drc_routed.pb -rpx nexys4fpga_v2_methodology_drc_routed.rpx
Command: report_methodology -file nexys4fpga_v2_methodology_drc_routed.rpt -pb nexys4fpga_v2_methodology_drc_routed.pb -rpx nexys4fpga_v2_methodology_drc_routed.rpx
INFO: [Timing 38-35] Done setting XDC timing constraints.
INFO: [Timing 38-35] Done setting XDC timing constraints.
INFO: [DRC 23-133] Running Methodology with 2 threads
INFO: [Coretcl 2-1520] The results of Report Methodology are in file D:/Projects/Code/ece540w20_proj3_r1_1/project_3/project_3.runs/impl_183/nexys4fpga_v2_methodology_drc_routed.rpt.
report_methodology completed successfully
INFO: [runtcl-4] Executing : report_power -file nexys4fpga_v2_power_routed.rpt -pb nexys4fpga_v2_power_summary_routed.pb -rpx nexys4fpga_v2_power_routed.rpx
Command: report_power -file nexys4fpga_v2_power_routed.rpt -pb nexys4fpga_v2_power_summary_routed.pb -rpx nexys4fpga_v2_power_routed.rpx
INFO: [Timing 38-35] Done setting XDC timing constraints.
Running Vector-less Activity Propagation...

Finished Running Vector-less Activity Propagation
WARNING: [Power 33-332] Found switching activity that implies high-fanout reset nets being asserted for excessive periods of time which may result in inaccurate power analysis.
Resolution: To review and fix problems, please run Power Constraints Advisor in the GUI from Tools > Power Constraints Advisor or run report_power with the -advisory option to generate a text report.
89 Infos, 1 Warnings, 0 Critical Warnings and 0 Errors encountered.
report_power completed successfully
INFO: [runtcl-4] Executing : report_route_status -file nexys4fpga_v2_route_status.rpt -pb nexys4fpga_v2_route_status.pb
INFO: [runtcl-4] Executing : report_timing_summary -max_paths 10 -file nexys4fpga_v2_timing_summary_routed.rpt -pb nexys4fpga_v2_timing_summary_routed.pb -rpx nexys4fpga_v2_timing_summary_routed.rpx -warn_on_violation 
INFO: [Timing 38-91] UpdateTimingParams: Speed grade: -1, Delay Type: min_max, Timing Stage: Requireds.
INFO: [Timing 38-191] Multithreading enabled for timing update using a maximum of 2 CPUs
INFO: [runtcl-4] Executing : report_incremental_reuse -file nexys4fpga_v2_incremental_reuse_routed.rpt
INFO: [Vivado_Tcl 4-545] No incremental reuse to report, no incremental placement and routing data was found.
INFO: [runtcl-4] Executing : report_clock_utilization -file nexys4fpga_v2_clock_utilization_routed.rpt
INFO: [runtcl-4] Executing : report_bus_skew -warn_on_violation -file nexys4fpga_v2_bus_skew_routed.rpt -pb nexys4fpga_v2_bus_skew_routed.pb -rpx nexys4fpga_v2_bus_skew_routed.rpx
INFO: [Timing 38-91] UpdateTimingParams: Speed grade: -1, Delay Type: min_max, Timing Stage: Requireds.
INFO: [Timing 38-191] Multithreading enabled for timing update using a maximum of 2 CPUs
INFO: [Common 17-206] Exiting Vivado at Mon Mar  2 01:09:47 2020...
