
*** Running vivado
    with args -log nexys4fpga_v2.vds -m64 -product Vivado -mode batch -messageDb vivado.pb -notrace -source nexys4fpga_v2.tcl


****** Vivado v2018.2 (64-bit)
  **** SW Build 2258646 on Thu Jun 14 20:03:12 MDT 2018
  **** IP Build 2256618 on Thu Jun 14 22:10:49 MDT 2018
    ** Copyright 1986-2018 Xilinx, Inc. All Rights Reserved.

source nexys4fpga_v2.tcl -notrace
Command: synth_design -top nexys4fpga_v2 -part xc7a100tcsg324-1 -directive FewerCarryChains -retiming
Starting synth_design
Attempting to get a license for feature 'Synthesis' and/or device 'xc7a100t'
INFO: [Common 17-349] Got license for feature 'Synthesis' and/or device 'xc7a100t'
INFO: Launching helper process for spawning children vivado processes
INFO: Helper process launched with PID 25552 
---------------------------------------------------------------------------------
Starting RTL Elaboration : Time (s): cpu = 00:00:02 ; elapsed = 00:00:02 . Memory (MB): peak = 405.840 ; gain = 98.273
---------------------------------------------------------------------------------
INFO: [Synth 8-6157] synthesizing module 'nexys4fpga_v2' [D:/Projects/Code/ECE540_Proj_03/project_3/project_3.srcs/sources_1/imports/hdl/nexys4fpga_v2.sv:34]
	Parameter SIMULATE bound to: 0 - type: integer 
	Parameter N_INPUTS bound to: 16 - type: integer 
INFO: [Synth 8-6157] synthesizing module 'debounce_v2' [D:/Projects/Code/ECE540_Proj_03/project_3/project_3.srcs/sources_1/imports/hdl/debounce_v2.v:24]
	Parameter CLK_FREQUENCY_HZ bound to: 100000000 - type: integer 
	Parameter DEBOUNCE_FREQUENCY_HZ bound to: 250 - type: integer 
	Parameter RESET_POLARITY_LOW bound to: 0 - type: integer 
	Parameter CNTR_WIDTH bound to: 32 - type: integer 
	Parameter SIMULATE bound to: 0 - type: integer 
	Parameter SIMULATE_FREQUENCY_CNT bound to: 5 - type: integer 
	Parameter pb0_in bound to: 4'b0000 
INFO: [Synth 8-155] case statement is not full and has no default [D:/Projects/Code/ECE540_Proj_03/project_3/project_3.srcs/sources_1/imports/hdl/debounce_v2.v:117]
INFO: [Synth 8-155] case statement is not full and has no default [D:/Projects/Code/ECE540_Proj_03/project_3/project_3.srcs/sources_1/imports/hdl/debounce_v2.v:118]
INFO: [Synth 8-155] case statement is not full and has no default [D:/Projects/Code/ECE540_Proj_03/project_3/project_3.srcs/sources_1/imports/hdl/debounce_v2.v:119]
INFO: [Synth 8-155] case statement is not full and has no default [D:/Projects/Code/ECE540_Proj_03/project_3/project_3.srcs/sources_1/imports/hdl/debounce_v2.v:120]
INFO: [Synth 8-155] case statement is not full and has no default [D:/Projects/Code/ECE540_Proj_03/project_3/project_3.srcs/sources_1/imports/hdl/debounce_v2.v:121]
INFO: [Synth 8-155] case statement is not full and has no default [D:/Projects/Code/ECE540_Proj_03/project_3/project_3.srcs/sources_1/imports/hdl/debounce_v2.v:122]
INFO: [Synth 8-155] case statement is not full and has no default [D:/Projects/Code/ECE540_Proj_03/project_3/project_3.srcs/sources_1/imports/hdl/debounce_v2.v:125]
INFO: [Synth 8-155] case statement is not full and has no default [D:/Projects/Code/ECE540_Proj_03/project_3/project_3.srcs/sources_1/imports/hdl/debounce_v2.v:126]
INFO: [Synth 8-155] case statement is not full and has no default [D:/Projects/Code/ECE540_Proj_03/project_3/project_3.srcs/sources_1/imports/hdl/debounce_v2.v:127]
INFO: [Synth 8-155] case statement is not full and has no default [D:/Projects/Code/ECE540_Proj_03/project_3/project_3.srcs/sources_1/imports/hdl/debounce_v2.v:128]
INFO: [Synth 8-155] case statement is not full and has no default [D:/Projects/Code/ECE540_Proj_03/project_3/project_3.srcs/sources_1/imports/hdl/debounce_v2.v:129]
INFO: [Synth 8-155] case statement is not full and has no default [D:/Projects/Code/ECE540_Proj_03/project_3/project_3.srcs/sources_1/imports/hdl/debounce_v2.v:130]
INFO: [Synth 8-155] case statement is not full and has no default [D:/Projects/Code/ECE540_Proj_03/project_3/project_3.srcs/sources_1/imports/hdl/debounce_v2.v:131]
INFO: [Synth 8-155] case statement is not full and has no default [D:/Projects/Code/ECE540_Proj_03/project_3/project_3.srcs/sources_1/imports/hdl/debounce_v2.v:132]
INFO: [Synth 8-155] case statement is not full and has no default [D:/Projects/Code/ECE540_Proj_03/project_3/project_3.srcs/sources_1/imports/hdl/debounce_v2.v:133]
INFO: [Synth 8-155] case statement is not full and has no default [D:/Projects/Code/ECE540_Proj_03/project_3/project_3.srcs/sources_1/imports/hdl/debounce_v2.v:134]
INFO: [Synth 8-155] case statement is not full and has no default [D:/Projects/Code/ECE540_Proj_03/project_3/project_3.srcs/sources_1/imports/hdl/debounce_v2.v:135]
INFO: [Synth 8-155] case statement is not full and has no default [D:/Projects/Code/ECE540_Proj_03/project_3/project_3.srcs/sources_1/imports/hdl/debounce_v2.v:136]
INFO: [Synth 8-155] case statement is not full and has no default [D:/Projects/Code/ECE540_Proj_03/project_3/project_3.srcs/sources_1/imports/hdl/debounce_v2.v:137]
INFO: [Synth 8-155] case statement is not full and has no default [D:/Projects/Code/ECE540_Proj_03/project_3/project_3.srcs/sources_1/imports/hdl/debounce_v2.v:138]
INFO: [Synth 8-155] case statement is not full and has no default [D:/Projects/Code/ECE540_Proj_03/project_3/project_3.srcs/sources_1/imports/hdl/debounce_v2.v:139]
INFO: [Synth 8-155] case statement is not full and has no default [D:/Projects/Code/ECE540_Proj_03/project_3/project_3.srcs/sources_1/imports/hdl/debounce_v2.v:140]
INFO: [Synth 8-6155] done synthesizing module 'debounce_v2' (1#1) [D:/Projects/Code/ECE540_Proj_03/project_3/project_3.srcs/sources_1/imports/hdl/debounce_v2.v:24]
INFO: [Synth 8-6157] synthesizing module 'sevensegment' [D:/Projects/Code/ece540w20_proj3_r1_1/project_3/project_3.srcs/sources_1/imports/hdl/sevensegment.v:35]
	Parameter CLK_FREQUENCY_HZ bound to: 100000000 - type: integer 
	Parameter REFRESH_FREQUENCY_HZ bound to: 500 - type: integer 
	Parameter RESET_POLARITY_LOW bound to: 0 - type: integer 
	Parameter CNTR_WIDTH bound to: 32 - type: integer 
	Parameter SIMULATE bound to: 0 - type: integer 
	Parameter SIMULATE_FREQUENCY_CNT bound to: 5 - type: integer 
	Parameter digit1 bound to: 8'b11111110 
	Parameter digit2 bound to: 8'b11111101 
	Parameter digit3 bound to: 8'b11111011 
	Parameter digit4 bound to: 8'b11110111 
	Parameter digit5 bound to: 8'b11101111 
	Parameter digit6 bound to: 8'b11011111 
	Parameter digit7 bound to: 8'b10111111 
	Parameter digit8 bound to: 8'b01111111 
INFO: [Synth 8-6157] synthesizing module 'Digit' [D:/Projects/Code/ece540w20_proj3_r1_1/project_3/project_3.srcs/sources_1/imports/hdl/sevensegment.v:196]
	Parameter zero bound to: 7'b1000000 
	Parameter one bound to: 7'b1111001 
	Parameter two bound to: 7'b0100100 
	Parameter three bound to: 7'b0110000 
	Parameter four bound to: 7'b0011001 
	Parameter five bound to: 7'b0010010 
	Parameter six bound to: 7'b0000010 
	Parameter seven bound to: 7'b1111000 
	Parameter eight bound to: 7'b0000000 
	Parameter nine bound to: 7'b0010000 
	Parameter A bound to: 7'b0001000 
	Parameter B bound to: 7'b0000011 
	Parameter C bound to: 7'b1000110 
	Parameter D bound to: 7'b0100001 
	Parameter E bound to: 7'b0000110 
	Parameter F bound to: 7'b0001110 
	Parameter seg_a bound to: 7'b1111110 
	Parameter seg_b bound to: 7'b1111101 
	Parameter seg_c bound to: 7'b1111011 
	Parameter seg_d bound to: 7'b1110111 
	Parameter seg_e bound to: 7'b1101111 
	Parameter seg_f bound to: 7'b1011111 
	Parameter seg_g bound to: 7'b0111111 
	Parameter upH bound to: 7'b0001001 
	Parameter upL bound to: 7'b1000111 
	Parameter upR bound to: 7'b0001000 
	Parameter lol bound to: 7'b1001111 
	Parameter lor bound to: 7'b0101111 
	Parameter blank bound to: 7'b1111111 
INFO: [Synth 8-6155] done synthesizing module 'Digit' (2#1) [D:/Projects/Code/ece540w20_proj3_r1_1/project_3/project_3.srcs/sources_1/imports/hdl/sevensegment.v:196]
INFO: [Synth 8-6155] done synthesizing module 'sevensegment' (3#1) [D:/Projects/Code/ece540w20_proj3_r1_1/project_3/project_3.srcs/sources_1/imports/hdl/sevensegment.v:35]
INFO: [Synth 8-6157] synthesizing module 'control_unit' [D:/Projects/Code/ece540w20_proj3_r1_1/project_3/project_3.srcs/sources_1/imports/hdl/control_unit.v:20]
	Parameter N_INPUTS bound to: 16 - type: integer 
INFO: [Synth 8-6155] done synthesizing module 'control_unit' (4#1) [D:/Projects/Code/ece540w20_proj3_r1_1/project_3/project_3.srcs/sources_1/imports/hdl/control_unit.v:20]
INFO: [Synth 8-6157] synthesizing module 'sevenseg_outmux_v2' [D:/Projects/Code/ECE540_Proj_03/project_3/project_3.srcs/sources_1/imports/hdl/sevenseg_outmux_v2.sv:27]
	Parameter N_INPUTS bound to: 16 - type: integer 
INFO: [Synth 8-6157] synthesizing module 'binary_to_bcd' [D:/Projects/Code/ece540w20_proj3_r1_1/project_3/project_3.srcs/sources_1/imports/hdl/binary_to_bcd.v:53]
	Parameter BITS_IN_PP bound to: 32 - type: integer 
	Parameter BCD_DIGITS_OUT_PP bound to: 8 - type: integer 
	Parameter BIT_COUNT_WIDTH_PP bound to: 8 - type: integer 
INFO: [Synth 8-6155] done synthesizing module 'binary_to_bcd' (5#1) [D:/Projects/Code/ece540w20_proj3_r1_1/project_3/project_3.srcs/sources_1/imports/hdl/binary_to_bcd.v:53]
INFO: [Synth 8-6155] done synthesizing module 'sevenseg_outmux_v2' (6#1) [D:/Projects/Code/ECE540_Proj_03/project_3/project_3.srcs/sources_1/imports/hdl/sevenseg_outmux_v2.sv:27]
INFO: [Synth 8-6157] synthesizing module 'mean_v2' [D:/Projects/Code/ECE540_Proj_03/project_3/project_3.srcs/sources_1/imports/hdl/mean_v2.sv:6]
	Parameter N_INPUTS bound to: 16 - type: integer 
	Parameter HALF_INPUTS bound to: 8 - type: integer 
INFO: [Synth 8-6155] done synthesizing module 'mean_v2' (7#1) [D:/Projects/Code/ECE540_Proj_03/project_3/project_3.srcs/sources_1/imports/hdl/mean_v2.sv:6]
INFO: [Synth 8-6157] synthesizing module 'clk_wiz_0' [D:/Projects/Code/ece540w20_proj3_r1_1/project_3/project_3.runs/synth_220/.Xil/Vivado-4072-Pine-Ripper/realtime/clk_wiz_0_stub.v:5]
INFO: [Synth 8-6155] done synthesizing module 'clk_wiz_0' (8#1) [D:/Projects/Code/ece540w20_proj3_r1_1/project_3/project_3.runs/synth_220/.Xil/Vivado-4072-Pine-Ripper/realtime/clk_wiz_0_stub.v:5]
WARNING: [Synth 8-350] instance 'generated_clock' of module 'clk_wiz_0' requires 8 connections, but only 3 given [D:/Projects/Code/ECE540_Proj_03/project_3/project_3.srcs/sources_1/imports/hdl/nexys4fpga_v2.sv:186]
INFO: [Synth 8-6155] done synthesizing module 'nexys4fpga_v2' (9#1) [D:/Projects/Code/ECE540_Proj_03/project_3/project_3.srcs/sources_1/imports/hdl/nexys4fpga_v2.sv:34]
WARNING: [Synth 8-3917] design nexys4fpga_v2 has port JA[7] driven by constant 0
WARNING: [Synth 8-3917] design nexys4fpga_v2 has port JA[6] driven by constant 0
WARNING: [Synth 8-3917] design nexys4fpga_v2 has port JA[2] driven by constant 0
WARNING: [Synth 8-3917] design nexys4fpga_v2 has port JA[1] driven by constant 0
WARNING: [Synth 8-3331] design mean_v2 has unconnected port reset
WARNING: [Synth 8-3331] design sevenseg_outmux_v2 has unconnected port position[31]
WARNING: [Synth 8-3331] design sevenseg_outmux_v2 has unconnected port position[30]
WARNING: [Synth 8-3331] design sevenseg_outmux_v2 has unconnected port position[29]
WARNING: [Synth 8-3331] design sevenseg_outmux_v2 has unconnected port position[28]
WARNING: [Synth 8-3331] design sevenseg_outmux_v2 has unconnected port position[27]
WARNING: [Synth 8-3331] design sevenseg_outmux_v2 has unconnected port position[26]
WARNING: [Synth 8-3331] design sevenseg_outmux_v2 has unconnected port position[25]
WARNING: [Synth 8-3331] design sevenseg_outmux_v2 has unconnected port position[24]
WARNING: [Synth 8-3331] design sevenseg_outmux_v2 has unconnected port position[23]
WARNING: [Synth 8-3331] design sevenseg_outmux_v2 has unconnected port position[22]
WARNING: [Synth 8-3331] design sevenseg_outmux_v2 has unconnected port position[21]
WARNING: [Synth 8-3331] design sevenseg_outmux_v2 has unconnected port position[20]
WARNING: [Synth 8-3331] design sevenseg_outmux_v2 has unconnected port position[19]
WARNING: [Synth 8-3331] design sevenseg_outmux_v2 has unconnected port position[18]
WARNING: [Synth 8-3331] design sevenseg_outmux_v2 has unconnected port position[17]
WARNING: [Synth 8-3331] design sevenseg_outmux_v2 has unconnected port position[16]
---------------------------------------------------------------------------------
Finished RTL Elaboration : Time (s): cpu = 00:00:03 ; elapsed = 00:00:03 . Memory (MB): peak = 461.137 ; gain = 153.570
---------------------------------------------------------------------------------

Report Check Netlist: 
+------+------------------+-------+---------+-------+------------------+
|      |Item              |Errors |Warnings |Status |Description       |
+------+------------------+-------+---------+-------+------------------+
|1     |multi_driven_nets |      0|        0|Passed |Multi driven nets |
+------+------------------+-------+---------+-------+------------------+
---------------------------------------------------------------------------------
Start Handling Custom Attributes
---------------------------------------------------------------------------------
---------------------------------------------------------------------------------
Finished Handling Custom Attributes : Time (s): cpu = 00:00:03 ; elapsed = 00:00:04 . Memory (MB): peak = 461.137 ; gain = 153.570
---------------------------------------------------------------------------------
---------------------------------------------------------------------------------
Finished RTL Optimization Phase 1 : Time (s): cpu = 00:00:03 ; elapsed = 00:00:04 . Memory (MB): peak = 461.137 ; gain = 153.570
---------------------------------------------------------------------------------
INFO: [Device 21-403] Loading part xc7a100tcsg324-1
INFO: [Project 1-570] Preparing netlist for logic optimization

Processing XDC Constraints
Initializing timing engine
Parsing XDC File [d:/Projects/Code/ece540w20_proj3_r1_1/project_3/project_3.srcs/sources_1/ip/clk_wiz_0/clk_wiz_0/clk_wiz_0_in_context.xdc] for cell 'generated_clock'
Finished Parsing XDC File [d:/Projects/Code/ece540w20_proj3_r1_1/project_3/project_3.srcs/sources_1/ip/clk_wiz_0/clk_wiz_0/clk_wiz_0_in_context.xdc] for cell 'generated_clock'
Parsing XDC File [D:/Projects/Code/ece540w20_proj3_r1_1/project_3/project_3.srcs/constrs_1/imports/constraints/n4DDRfpga.xdc]
Finished Parsing XDC File [D:/Projects/Code/ece540w20_proj3_r1_1/project_3/project_3.srcs/constrs_1/imports/constraints/n4DDRfpga.xdc]
INFO: [Project 1-236] Implementation specific constraints were found while reading constraint file [D:/Projects/Code/ece540w20_proj3_r1_1/project_3/project_3.srcs/constrs_1/imports/constraints/n4DDRfpga.xdc]. These constraints will be ignored for synthesis but will be used in implementation. Impacted constraints are listed in the file [.Xil/nexys4fpga_v2_propImpl.xdc].
Resolution: To avoid this warning, move constraints listed in [.Xil/nexys4fpga_v2_propImpl.xdc] to another XDC file and exclude this new file from synthesis with the used_in_synthesis property (File Properties dialog in GUI) and re-run elaboration/synthesis.
Completed Processing XDC Constraints

INFO: [Project 1-111] Unisim Transformation Summary:
No Unisim elements were transformed.

Constraint Validation Runtime : Time (s): cpu = 00:00:00 ; elapsed = 00:00:00.014 . Memory (MB): peak = 825.922 ; gain = 0.000
---------------------------------------------------------------------------------
Finished Constraint Validation : Time (s): cpu = 00:00:12 ; elapsed = 00:00:15 . Memory (MB): peak = 825.922 ; gain = 518.355
---------------------------------------------------------------------------------
---------------------------------------------------------------------------------
Start Loading Part and Timing Information
---------------------------------------------------------------------------------
Loading part: xc7a100tcsg324-1
---------------------------------------------------------------------------------
Finished Loading Part and Timing Information : Time (s): cpu = 00:00:12 ; elapsed = 00:00:15 . Memory (MB): peak = 825.922 ; gain = 518.355
---------------------------------------------------------------------------------
---------------------------------------------------------------------------------
Start Applying 'set_property' XDC Constraints
---------------------------------------------------------------------------------
Applied set_property IO_BUFFER_TYPE = NONE for clk. (constraint file  d:/Projects/Code/ece540w20_proj3_r1_1/project_3/project_3.srcs/sources_1/ip/clk_wiz_0/clk_wiz_0/clk_wiz_0_in_context.xdc, line 8).
Applied set_property CLOCK_BUFFER_TYPE = NONE for clk. (constraint file  d:/Projects/Code/ece540w20_proj3_r1_1/project_3/project_3.srcs/sources_1/ip/clk_wiz_0/clk_wiz_0/clk_wiz_0_in_context.xdc, line 9).
Applied set_property DONT_TOUCH = true for generated_clock. (constraint file  auto generated constraint, line ).
---------------------------------------------------------------------------------
Finished applying 'set_property' XDC Constraints : Time (s): cpu = 00:00:13 ; elapsed = 00:00:15 . Memory (MB): peak = 825.922 ; gain = 518.355
---------------------------------------------------------------------------------
INFO: [Synth 8-5544] ROM "pbtn_db" won't be mapped to Block RAM because address size (4) smaller than threshold (5)
INFO: [Synth 8-5544] ROM "pbtn_db" won't be mapped to Block RAM because address size (4) smaller than threshold (5)
INFO: [Synth 8-5544] ROM "pbtn_db" won't be mapped to Block RAM because address size (4) smaller than threshold (5)
INFO: [Synth 8-5544] ROM "pbtn_db" won't be mapped to Block RAM because address size (4) smaller than threshold (5)
INFO: [Synth 8-5544] ROM "pbtn_db" won't be mapped to Block RAM because address size (4) smaller than threshold (5)
INFO: [Synth 8-5544] ROM "pbtn_db" won't be mapped to Block RAM because address size (4) smaller than threshold (5)
INFO: [Synth 8-5544] ROM "swtch_db" won't be mapped to Block RAM because address size (4) smaller than threshold (5)
INFO: [Synth 8-5544] ROM "swtch_db" won't be mapped to Block RAM because address size (4) smaller than threshold (5)
INFO: [Synth 8-5544] ROM "swtch_db" won't be mapped to Block RAM because address size (4) smaller than threshold (5)
INFO: [Synth 8-5544] ROM "swtch_db" won't be mapped to Block RAM because address size (4) smaller than threshold (5)
INFO: [Synth 8-5544] ROM "swtch_db" won't be mapped to Block RAM because address size (4) smaller than threshold (5)
INFO: [Synth 8-5544] ROM "swtch_db" won't be mapped to Block RAM because address size (4) smaller than threshold (5)
INFO: [Synth 8-5544] ROM "swtch_db" won't be mapped to Block RAM because address size (4) smaller than threshold (5)
INFO: [Synth 8-5544] ROM "swtch_db" won't be mapped to Block RAM because address size (4) smaller than threshold (5)
INFO: [Synth 8-5544] ROM "swtch_db" won't be mapped to Block RAM because address size (4) smaller than threshold (5)
INFO: [Synth 8-5544] ROM "swtch_db" won't be mapped to Block RAM because address size (4) smaller than threshold (5)
INFO: [Synth 8-5544] ROM "swtch_db" won't be mapped to Block RAM because address size (4) smaller than threshold (5)
INFO: [Synth 8-5544] ROM "swtch_db" won't be mapped to Block RAM because address size (4) smaller than threshold (5)
INFO: [Synth 8-5544] ROM "swtch_db" won't be mapped to Block RAM because address size (4) smaller than threshold (5)
INFO: [Synth 8-5544] ROM "swtch_db" won't be mapped to Block RAM because address size (4) smaller than threshold (5)
INFO: [Synth 8-5544] ROM "swtch_db" won't be mapped to Block RAM because address size (4) smaller than threshold (5)
INFO: [Synth 8-5544] ROM "swtch_db" won't be mapped to Block RAM because address size (4) smaller than threshold (5)
INFO: [Synth 8-802] inferred FSM for state register 'an_reg' in module 'sevensegment'
INFO: [Synth 8-5545] ROM "clk_cnt" won't be mapped to RAM because address size (32) is larger than maximum supported(25)
INFO: [Synth 8-5545] ROM "an" won't be mapped to RAM because address size (32) is larger than maximum supported(25)
INFO: [Synth 8-5546] ROM "an" won't be mapped to RAM because it is too sparse
INFO: [Synth 8-5545] ROM "inputs_reg[15]" won't be mapped to RAM because address size (32) is larger than maximum supported(25)
INFO: [Synth 8-5545] ROM "inputs_reg[14]" won't be mapped to RAM because address size (32) is larger than maximum supported(25)
INFO: [Synth 8-5545] ROM "inputs_reg[13]" won't be mapped to RAM because address size (32) is larger than maximum supported(25)
INFO: [Synth 8-5545] ROM "inputs_reg[12]" won't be mapped to RAM because address size (32) is larger than maximum supported(25)
INFO: [Synth 8-5545] ROM "inputs_reg[11]" won't be mapped to RAM because address size (32) is larger than maximum supported(25)
INFO: [Synth 8-5545] ROM "inputs_reg[10]" won't be mapped to RAM because address size (32) is larger than maximum supported(25)
INFO: [Synth 8-5545] ROM "inputs_reg[9]" won't be mapped to RAM because address size (32) is larger than maximum supported(25)
INFO: [Synth 8-5545] ROM "inputs_reg[8]" won't be mapped to RAM because address size (32) is larger than maximum supported(25)
INFO: [Synth 8-5545] ROM "inputs_reg[7]" won't be mapped to RAM because address size (32) is larger than maximum supported(25)
INFO: [Synth 8-5545] ROM "inputs_reg[6]" won't be mapped to RAM because address size (32) is larger than maximum supported(25)
INFO: [Synth 8-5545] ROM "inputs_reg[5]" won't be mapped to RAM because address size (32) is larger than maximum supported(25)
INFO: [Synth 8-5545] ROM "inputs_reg[4]" won't be mapped to RAM because address size (32) is larger than maximum supported(25)
INFO: [Synth 8-5545] ROM "inputs_reg[3]" won't be mapped to RAM because address size (32) is larger than maximum supported(25)
INFO: [Synth 8-5545] ROM "inputs_reg[2]" won't be mapped to RAM because address size (32) is larger than maximum supported(25)
INFO: [Synth 8-5545] ROM "inputs_reg[1]" won't be mapped to RAM because address size (32) is larger than maximum supported(25)
INFO: [Synth 8-5545] ROM "inputs_reg[0]" won't be mapped to RAM because address size (32) is larger than maximum supported(25)
---------------------------------------------------------------------------------------------------
                   State |                     New Encoding |                Previous Encoding 
---------------------------------------------------------------------------------------------------
                  digit1 |                              000 |                         11111110
                  digit2 |                              001 |                         11111101
                  digit3 |                              010 |                         11111011
                  digit4 |                              011 |                         11110111
                  digit5 |                              100 |                         11101111
                  digit6 |                              101 |                         11011111
                  digit7 |                              110 |                         10111111
                  digit8 |                              111 |                         01111111
---------------------------------------------------------------------------------------------------
INFO: [Synth 8-3354] encoded FSM with state register 'an_reg' using encoding 'sequential' in module 'sevensegment'
---------------------------------------------------------------------------------
Finished RTL Optimization Phase 2 : Time (s): cpu = 00:00:14 ; elapsed = 00:00:16 . Memory (MB): peak = 825.922 ; gain = 518.355
---------------------------------------------------------------------------------

Report RTL Partitions: 
+-+--------------+------------+----------+
| |RTL Partition |Replication |Instances |
+-+--------------+------------+----------+
+-+--------------+------------+----------+
---------------------------------------------------------------------------------
Start RTL Component Statistics 
---------------------------------------------------------------------------------
Detailed RTL Component Info : 
+---Adders : 
	   2 Input     32 Bit       Adders := 1     
	   2 Input     20 Bit       Adders := 1     
	   2 Input     19 Bit       Adders := 2     
	   2 Input     18 Bit       Adders := 4     
	   2 Input     17 Bit       Adders := 8     
	   2 Input     16 Bit       Adders := 1     
	   2 Input      8 Bit       Adders := 1     
	   2 Input      3 Bit       Adders := 8     
+---Registers : 
	               32 Bit    Registers := 10    
	               20 Bit    Registers := 2     
	               19 Bit    Registers := 2     
	               18 Bit    Registers := 4     
	               17 Bit    Registers := 10    
	               16 Bit    Registers := 66    
	                8 Bit    Registers := 11    
	                6 Bit    Registers := 1     
	                5 Bit    Registers := 16    
	                4 Bit    Registers := 26    
	                3 Bit    Registers := 2     
	                2 Bit    Registers := 1     
	                1 Bit    Registers := 7     
+---Muxes : 
	   2 Input     32 Bit        Muxes := 4     
	   2 Input     17 Bit        Muxes := 1     
	   8 Input      8 Bit        Muxes := 2     
	   2 Input      5 Bit        Muxes := 6     
	   3 Input      5 Bit        Muxes := 2     
	   2 Input      4 Bit        Muxes := 8     
	   8 Input      3 Bit        Muxes := 1     
	   3 Input      1 Bit        Muxes := 22    
	   2 Input      1 Bit        Muxes := 22    
---------------------------------------------------------------------------------
Finished RTL Component Statistics 
---------------------------------------------------------------------------------
---------------------------------------------------------------------------------
Start RTL Hierarchical Component Statistics 
---------------------------------------------------------------------------------
Hierarchical RTL Component report 
Module nexys4fpga_v2 
Detailed RTL Component Info : 
+---Registers : 
	               32 Bit    Registers := 3     
	               16 Bit    Registers := 48    
	                5 Bit    Registers := 8     
	                4 Bit    Registers := 4     
	                3 Bit    Registers := 2     
	                2 Bit    Registers := 1     
+---Muxes : 
	   2 Input      1 Bit        Muxes := 16    
Module debounce_v2 
Detailed RTL Component Info : 
+---Registers : 
	               32 Bit    Registers := 1     
	               16 Bit    Registers := 1     
	                6 Bit    Registers := 1     
	                4 Bit    Registers := 22    
	                1 Bit    Registers := 1     
+---Muxes : 
	   3 Input      1 Bit        Muxes := 22    
Module Digit 
Detailed RTL Component Info : 
+---Registers : 
	                8 Bit    Registers := 1     
Module sevensegment 
Detailed RTL Component Info : 
+---Adders : 
	   2 Input     32 Bit       Adders := 1     
+---Registers : 
	               32 Bit    Registers := 1     
	                8 Bit    Registers := 1     
+---Muxes : 
	   2 Input     32 Bit        Muxes := 1     
	   8 Input      8 Bit        Muxes := 2     
	   8 Input      3 Bit        Muxes := 1     
	   2 Input      1 Bit        Muxes := 1     
Module control_unit 
Detailed RTL Component Info : 
+---Registers : 
	               17 Bit    Registers := 1     
	                1 Bit    Registers := 2     
+---Muxes : 
	   2 Input     17 Bit        Muxes := 1     
	   2 Input      1 Bit        Muxes := 1     
Module binary_to_bcd 
Detailed RTL Component Info : 
+---Adders : 
	   2 Input      8 Bit       Adders := 1     
	   2 Input      3 Bit       Adders := 8     
+---Registers : 
	               32 Bit    Registers := 3     
	                8 Bit    Registers := 1     
	                1 Bit    Registers := 1     
+---Muxes : 
	   2 Input     32 Bit        Muxes := 1     
	   2 Input      4 Bit        Muxes := 8     
	   2 Input      1 Bit        Muxes := 2     
Module sevenseg_outmux_v2 
Detailed RTL Component Info : 
+---Adders : 
	   2 Input     16 Bit       Adders := 1     
+---Registers : 
	               32 Bit    Registers := 2     
	               17 Bit    Registers := 1     
	               16 Bit    Registers := 17    
	                8 Bit    Registers := 1     
	                5 Bit    Registers := 8     
	                1 Bit    Registers := 3     
+---Muxes : 
	   2 Input     32 Bit        Muxes := 2     
	   2 Input      5 Bit        Muxes := 6     
	   3 Input      5 Bit        Muxes := 2     
	   2 Input      1 Bit        Muxes := 2     
Module mean_v2 
Detailed RTL Component Info : 
+---Adders : 
	   2 Input     20 Bit       Adders := 1     
	   2 Input     19 Bit       Adders := 2     
	   2 Input     18 Bit       Adders := 4     
	   2 Input     17 Bit       Adders := 8     
+---Registers : 
	               20 Bit    Registers := 2     
	               19 Bit    Registers := 2     
	               18 Bit    Registers := 4     
	               17 Bit    Registers := 8     
---------------------------------------------------------------------------------
Finished RTL Hierarchical Component Statistics
---------------------------------------------------------------------------------
---------------------------------------------------------------------------------
Start Part Resource Summary
---------------------------------------------------------------------------------
Part Resources:
DSPs: 240 (col length:80)
BRAMs: 270 (col length: RAMB18 80 RAMB36 40)
---------------------------------------------------------------------------------
Finished Part Resource Summary
---------------------------------------------------------------------------------
---------------------------------------------------------------------------------
Start Cross Boundary and Area Optimization
---------------------------------------------------------------------------------
Warning: Parallel synthesis criteria is not met 
INFO: [Synth 8-5544] ROM "swtch_db" won't be mapped to Block RAM because address size (4) smaller than threshold (5)
INFO: [Synth 8-5544] ROM "swtch_db" won't be mapped to Block RAM because address size (4) smaller than threshold (5)
INFO: [Synth 8-5544] ROM "swtch_db" won't be mapped to Block RAM because address size (4) smaller than threshold (5)
INFO: [Synth 8-5544] ROM "swtch_db" won't be mapped to Block RAM because address size (4) smaller than threshold (5)
INFO: [Synth 8-5544] ROM "swtch_db" won't be mapped to Block RAM because address size (4) smaller than threshold (5)
INFO: [Synth 8-5544] ROM "swtch_db" won't be mapped to Block RAM because address size (4) smaller than threshold (5)
INFO: [Synth 8-5544] ROM "swtch_db" won't be mapped to Block RAM because address size (4) smaller than threshold (5)
INFO: [Synth 8-5544] ROM "swtch_db" won't be mapped to Block RAM because address size (4) smaller than threshold (5)
INFO: [Synth 8-5544] ROM "swtch_db" won't be mapped to Block RAM because address size (4) smaller than threshold (5)
INFO: [Synth 8-5544] ROM "swtch_db" won't be mapped to Block RAM because address size (4) smaller than threshold (5)
INFO: [Synth 8-5544] ROM "swtch_db" won't be mapped to Block RAM because address size (4) smaller than threshold (5)
INFO: [Synth 8-5544] ROM "swtch_db" won't be mapped to Block RAM because address size (4) smaller than threshold (5)
INFO: [Synth 8-5544] ROM "swtch_db" won't be mapped to Block RAM because address size (4) smaller than threshold (5)
INFO: [Synth 8-5544] ROM "swtch_db" won't be mapped to Block RAM because address size (4) smaller than threshold (5)
INFO: [Synth 8-5544] ROM "swtch_db" won't be mapped to Block RAM because address size (4) smaller than threshold (5)
INFO: [Synth 8-5544] ROM "swtch_db" won't be mapped to Block RAM because address size (4) smaller than threshold (5)
INFO: [Synth 8-5545] ROM "clk_cnt" won't be mapped to RAM because address size (32) is larger than maximum supported(25)
INFO: [Synth 8-5545] ROM "an" won't be mapped to RAM because address size (32) is larger than maximum supported(25)
INFO: [Synth 8-5545] ROM "inputs_reg[15]" won't be mapped to RAM because address size (32) is larger than maximum supported(25)
INFO: [Synth 8-5545] ROM "inputs_reg[14]" won't be mapped to RAM because address size (32) is larger than maximum supported(25)
INFO: [Synth 8-5545] ROM "inputs_reg[13]" won't be mapped to RAM because address size (32) is larger than maximum supported(25)
INFO: [Synth 8-5545] ROM "inputs_reg[12]" won't be mapped to RAM because address size (32) is larger than maximum supported(25)
INFO: [Synth 8-5545] ROM "inputs_reg[11]" won't be mapped to RAM because address size (32) is larger than maximum supported(25)
INFO: [Synth 8-5545] ROM "inputs_reg[10]" won't be mapped to RAM because address size (32) is larger than maximum supported(25)
INFO: [Synth 8-5545] ROM "inputs_reg[9]" won't be mapped to RAM because address size (32) is larger than maximum supported(25)
INFO: [Synth 8-5545] ROM "inputs_reg[8]" won't be mapped to RAM because address size (32) is larger than maximum supported(25)
INFO: [Synth 8-5545] ROM "inputs_reg[7]" won't be mapped to RAM because address size (32) is larger than maximum supported(25)
INFO: [Synth 8-5545] ROM "inputs_reg[6]" won't be mapped to RAM because address size (32) is larger than maximum supported(25)
INFO: [Synth 8-5545] ROM "inputs_reg[5]" won't be mapped to RAM because address size (32) is larger than maximum supported(25)
INFO: [Synth 8-5545] ROM "inputs_reg[4]" won't be mapped to RAM because address size (32) is larger than maximum supported(25)
INFO: [Synth 8-5545] ROM "inputs_reg[3]" won't be mapped to RAM because address size (32) is larger than maximum supported(25)
INFO: [Synth 8-5545] ROM "inputs_reg[2]" won't be mapped to RAM because address size (32) is larger than maximum supported(25)
INFO: [Synth 8-5545] ROM "inputs_reg[1]" won't be mapped to RAM because address size (32) is larger than maximum supported(25)
INFO: [Synth 8-5545] ROM "inputs_reg[0]" won't be mapped to RAM because address size (32) is larger than maximum supported(25)
WARNING: [Synth 8-3917] design nexys4fpga_v2 has port JA[7] driven by constant 0
WARNING: [Synth 8-3917] design nexys4fpga_v2 has port JA[6] driven by constant 0
WARNING: [Synth 8-3917] design nexys4fpga_v2 has port JA[2] driven by constant 0
WARNING: [Synth 8-3917] design nexys4fpga_v2 has port JA[1] driven by constant 0
WARNING: [Synth 8-3331] design mean_v2 has unconnected port reset
WARNING: [Synth 8-3331] design sevenseg_outmux_v2 has unconnected port position[31]
WARNING: [Synth 8-3331] design sevenseg_outmux_v2 has unconnected port position[30]
WARNING: [Synth 8-3331] design sevenseg_outmux_v2 has unconnected port position[29]
WARNING: [Synth 8-3331] design sevenseg_outmux_v2 has unconnected port position[28]
WARNING: [Synth 8-3331] design sevenseg_outmux_v2 has unconnected port position[27]
WARNING: [Synth 8-3331] design sevenseg_outmux_v2 has unconnected port position[26]
WARNING: [Synth 8-3331] design sevenseg_outmux_v2 has unconnected port position[25]
WARNING: [Synth 8-3331] design sevenseg_outmux_v2 has unconnected port position[24]
WARNING: [Synth 8-3331] design sevenseg_outmux_v2 has unconnected port position[23]
WARNING: [Synth 8-3331] design sevenseg_outmux_v2 has unconnected port position[22]
WARNING: [Synth 8-3331] design sevenseg_outmux_v2 has unconnected port position[21]
WARNING: [Synth 8-3331] design sevenseg_outmux_v2 has unconnected port position[20]
WARNING: [Synth 8-3331] design sevenseg_outmux_v2 has unconnected port position[19]
WARNING: [Synth 8-3331] design sevenseg_outmux_v2 has unconnected port position[18]
WARNING: [Synth 8-3331] design sevenseg_outmux_v2 has unconnected port position[17]
WARNING: [Synth 8-3331] design sevenseg_outmux_v2 has unconnected port position[16]
INFO: [Synth 8-3333] propagating constant 0 across sequential element (\position_tmp_reg[0][30] )
INFO: [Synth 8-3333] propagating constant 0 across sequential element (\position_tmp_reg[0][31] )
INFO: [Synth 8-3333] propagating constant 0 across sequential element (\position_tmp_reg[0][29] )
INFO: [Synth 8-3333] propagating constant 0 across sequential element (\position_tmp_reg[0][28] )
INFO: [Synth 8-3333] propagating constant 0 across sequential element (\position_tmp_reg[0][27] )
INFO: [Synth 8-3333] propagating constant 0 across sequential element (\position_tmp_reg[0][26] )
INFO: [Synth 8-3333] propagating constant 0 across sequential element (\position_tmp_reg[0][25] )
INFO: [Synth 8-3333] propagating constant 0 across sequential element (\position_tmp_reg[0][24] )
INFO: [Synth 8-3333] propagating constant 0 across sequential element (\position_tmp_reg[0][23] )
INFO: [Synth 8-3333] propagating constant 0 across sequential element (\position_tmp_reg[0][22] )
INFO: [Synth 8-3333] propagating constant 0 across sequential element (\position_tmp_reg[0][21] )
INFO: [Synth 8-3333] propagating constant 0 across sequential element (\position_tmp_reg[0][20] )
INFO: [Synth 8-3333] propagating constant 0 across sequential element (\position_tmp_reg[0][19] )
INFO: [Synth 8-3333] propagating constant 0 across sequential element (\position_tmp_reg[0][18] )
INFO: [Synth 8-3333] propagating constant 0 across sequential element (\position_tmp_reg[0][17] )
INFO: [Synth 8-3333] propagating constant 0 across sequential element (\position_tmp_reg[0][16] )
INFO: [Synth 8-3886] merging instance 'position_tmp_transpose_reg[30][1]' (FD) to 'position_tmp_transpose_reg[31][1]'
INFO: [Synth 8-3886] merging instance 'position_tmp_transpose_reg[30][2]' (FD) to 'position_tmp_transpose_reg[31][2]'
INFO: [Synth 8-3886] merging instance 'position_tmp_transpose_reg[30][3]' (FD) to 'position_tmp_transpose_reg[31][3]'
INFO: [Synth 8-3886] merging instance 'position_tmp_transpose_reg[30][4]' (FD) to 'position_tmp_transpose_reg[31][4]'
INFO: [Synth 8-3886] merging instance 'position_tmp_transpose_reg[30][5]' (FD) to 'position_tmp_transpose_reg[31][5]'
INFO: [Synth 8-3886] merging instance 'position_tmp_transpose_reg[30][6]' (FD) to 'position_tmp_transpose_reg[31][6]'
INFO: [Synth 8-3886] merging instance 'position_tmp_transpose_reg[30][7]' (FD) to 'position_tmp_transpose_reg[31][7]'
INFO: [Synth 8-3886] merging instance 'position_tmp_transpose_reg[30][8]' (FD) to 'position_tmp_transpose_reg[31][8]'
INFO: [Synth 8-3886] merging instance 'position_tmp_transpose_reg[30][9]' (FD) to 'position_tmp_transpose_reg[31][9]'
INFO: [Synth 8-3886] merging instance 'position_tmp_transpose_reg[30][10]' (FD) to 'position_tmp_transpose_reg[31][10]'
INFO: [Synth 8-3886] merging instance 'position_tmp_transpose_reg[30][11]' (FD) to 'position_tmp_transpose_reg[31][11]'
INFO: [Synth 8-3886] merging instance 'position_tmp_transpose_reg[30][12]' (FD) to 'position_tmp_transpose_reg[31][12]'
INFO: [Synth 8-3886] merging instance 'position_tmp_transpose_reg[30][13]' (FD) to 'position_tmp_transpose_reg[31][13]'
INFO: [Synth 8-3886] merging instance 'position_tmp_transpose_reg[30][14]' (FD) to 'position_tmp_transpose_reg[31][14]'
INFO: [Synth 8-3886] merging instance 'position_tmp_transpose_reg[30][15]' (FD) to 'position_tmp_transpose_reg[31][15]'
INFO: [Synth 8-3886] merging instance 'position_tmp_transpose_reg[31][1]' (FD) to 'position_tmp_transpose_reg[29][1]'
INFO: [Synth 8-3886] merging instance 'position_tmp_transpose_reg[31][2]' (FD) to 'position_tmp_transpose_reg[29][2]'
INFO: [Synth 8-3886] merging instance 'position_tmp_transpose_reg[31][3]' (FD) to 'position_tmp_transpose_reg[29][3]'
INFO: [Synth 8-3886] merging instance 'position_tmp_transpose_reg[31][4]' (FD) to 'position_tmp_transpose_reg[29][4]'
INFO: [Synth 8-3886] merging instance 'position_tmp_transpose_reg[31][5]' (FD) to 'position_tmp_transpose_reg[29][5]'
INFO: [Synth 8-3886] merging instance 'position_tmp_transpose_reg[31][6]' (FD) to 'position_tmp_transpose_reg[29][6]'
INFO: [Synth 8-3886] merging instance 'position_tmp_transpose_reg[31][7]' (FD) to 'position_tmp_transpose_reg[29][7]'
INFO: [Synth 8-3886] merging instance 'position_tmp_transpose_reg[31][8]' (FD) to 'position_tmp_transpose_reg[29][8]'
INFO: [Synth 8-3886] merging instance 'position_tmp_transpose_reg[31][9]' (FD) to 'position_tmp_transpose_reg[29][9]'
INFO: [Synth 8-3886] merging instance 'position_tmp_transpose_reg[31][10]' (FD) to 'position_tmp_transpose_reg[29][10]'
INFO: [Synth 8-3886] merging instance 'position_tmp_transpose_reg[31][11]' (FD) to 'position_tmp_transpose_reg[29][11]'
INFO: [Synth 8-3886] merging instance 'position_tmp_transpose_reg[31][12]' (FD) to 'position_tmp_transpose_reg[29][12]'
INFO: [Synth 8-3886] merging instance 'position_tmp_transpose_reg[31][13]' (FD) to 'position_tmp_transpose_reg[29][13]'
INFO: [Synth 8-3886] merging instance 'position_tmp_transpose_reg[31][14]' (FD) to 'position_tmp_transpose_reg[29][14]'
INFO: [Synth 8-3886] merging instance 'position_tmp_transpose_reg[31][15]' (FD) to 'position_tmp_transpose_reg[29][15]'
INFO: [Synth 8-3886] merging instance 'position_tmp_transpose_reg[29][1]' (FD) to 'position_tmp_transpose_reg[28][1]'
INFO: [Synth 8-3886] merging instance 'position_tmp_transpose_reg[29][2]' (FD) to 'position_tmp_transpose_reg[28][2]'
INFO: [Synth 8-3886] merging instance 'position_tmp_transpose_reg[29][3]' (FD) to 'position_tmp_transpose_reg[28][3]'
INFO: [Synth 8-3886] merging instance 'position_tmp_transpose_reg[29][4]' (FD) to 'position_tmp_transpose_reg[28][4]'
INFO: [Synth 8-3886] merging instance 'position_tmp_transpose_reg[29][5]' (FD) to 'position_tmp_transpose_reg[28][5]'
INFO: [Synth 8-3886] merging instance 'position_tmp_transpose_reg[29][6]' (FD) to 'position_tmp_transpose_reg[28][6]'
INFO: [Synth 8-3886] merging instance 'position_tmp_transpose_reg[29][7]' (FD) to 'position_tmp_transpose_reg[28][7]'
INFO: [Synth 8-3886] merging instance 'position_tmp_transpose_reg[29][8]' (FD) to 'position_tmp_transpose_reg[28][8]'
INFO: [Synth 8-3886] merging instance 'position_tmp_transpose_reg[29][9]' (FD) to 'position_tmp_transpose_reg[28][9]'
INFO: [Synth 8-3886] merging instance 'position_tmp_transpose_reg[29][10]' (FD) to 'position_tmp_transpose_reg[28][10]'
INFO: [Synth 8-3886] merging instance 'position_tmp_transpose_reg[29][11]' (FD) to 'position_tmp_transpose_reg[28][11]'
INFO: [Synth 8-3886] merging instance 'position_tmp_transpose_reg[29][12]' (FD) to 'position_tmp_transpose_reg[28][12]'
INFO: [Synth 8-3886] merging instance 'position_tmp_transpose_reg[29][13]' (FD) to 'position_tmp_transpose_reg[28][13]'
INFO: [Synth 8-3886] merging instance 'position_tmp_transpose_reg[29][14]' (FD) to 'position_tmp_transpose_reg[28][14]'
INFO: [Synth 8-3886] merging instance 'position_tmp_transpose_reg[29][15]' (FD) to 'position_tmp_transpose_reg[28][15]'
INFO: [Synth 8-3886] merging instance 'position_tmp_transpose_reg[28][1]' (FD) to 'position_tmp_transpose_reg[27][1]'
INFO: [Synth 8-3886] merging instance 'position_tmp_transpose_reg[28][2]' (FD) to 'position_tmp_transpose_reg[27][2]'
INFO: [Synth 8-3886] merging instance 'position_tmp_transpose_reg[28][3]' (FD) to 'position_tmp_transpose_reg[27][3]'
INFO: [Synth 8-3886] merging instance 'position_tmp_transpose_reg[28][4]' (FD) to 'position_tmp_transpose_reg[27][4]'
INFO: [Synth 8-3886] merging instance 'position_tmp_transpose_reg[28][5]' (FD) to 'position_tmp_transpose_reg[27][5]'
INFO: [Synth 8-3886] merging instance 'position_tmp_transpose_reg[28][6]' (FD) to 'position_tmp_transpose_reg[27][6]'
INFO: [Synth 8-3886] merging instance 'position_tmp_transpose_reg[28][7]' (FD) to 'position_tmp_transpose_reg[27][7]'
INFO: [Synth 8-3886] merging instance 'position_tmp_transpose_reg[28][8]' (FD) to 'position_tmp_transpose_reg[27][8]'
INFO: [Synth 8-3886] merging instance 'position_tmp_transpose_reg[28][9]' (FD) to 'position_tmp_transpose_reg[27][9]'
INFO: [Synth 8-3886] merging instance 'position_tmp_transpose_reg[28][10]' (FD) to 'position_tmp_transpose_reg[27][10]'
INFO: [Synth 8-3886] merging instance 'position_tmp_transpose_reg[28][11]' (FD) to 'position_tmp_transpose_reg[27][11]'
INFO: [Synth 8-3886] merging instance 'position_tmp_transpose_reg[28][12]' (FD) to 'position_tmp_transpose_reg[27][12]'
INFO: [Synth 8-3886] merging instance 'position_tmp_transpose_reg[28][13]' (FD) to 'position_tmp_transpose_reg[27][13]'
INFO: [Synth 8-3886] merging instance 'position_tmp_transpose_reg[28][14]' (FD) to 'position_tmp_transpose_reg[27][14]'
INFO: [Synth 8-3886] merging instance 'position_tmp_transpose_reg[28][15]' (FD) to 'position_tmp_transpose_reg[27][15]'
INFO: [Synth 8-3886] merging instance 'position_tmp_transpose_reg[27][1]' (FD) to 'position_tmp_transpose_reg[26][1]'
INFO: [Synth 8-3886] merging instance 'position_tmp_transpose_reg[27][2]' (FD) to 'position_tmp_transpose_reg[26][2]'
INFO: [Synth 8-3886] merging instance 'position_tmp_transpose_reg[27][3]' (FD) to 'position_tmp_transpose_reg[26][3]'
INFO: [Synth 8-3886] merging instance 'position_tmp_transpose_reg[27][4]' (FD) to 'position_tmp_transpose_reg[26][4]'
INFO: [Synth 8-3886] merging instance 'position_tmp_transpose_reg[27][5]' (FD) to 'position_tmp_transpose_reg[26][5]'
INFO: [Synth 8-3886] merging instance 'position_tmp_transpose_reg[27][6]' (FD) to 'position_tmp_transpose_reg[26][6]'
INFO: [Synth 8-3886] merging instance 'position_tmp_transpose_reg[27][7]' (FD) to 'position_tmp_transpose_reg[26][7]'
INFO: [Synth 8-3886] merging instance 'position_tmp_transpose_reg[27][8]' (FD) to 'position_tmp_transpose_reg[26][8]'
INFO: [Synth 8-3886] merging instance 'position_tmp_transpose_reg[27][9]' (FD) to 'position_tmp_transpose_reg[26][9]'
INFO: [Synth 8-3886] merging instance 'position_tmp_transpose_reg[27][10]' (FD) to 'position_tmp_transpose_reg[26][10]'
INFO: [Synth 8-3886] merging instance 'position_tmp_transpose_reg[27][11]' (FD) to 'position_tmp_transpose_reg[26][11]'
INFO: [Synth 8-3886] merging instance 'position_tmp_transpose_reg[27][12]' (FD) to 'position_tmp_transpose_reg[26][12]'
INFO: [Synth 8-3886] merging instance 'position_tmp_transpose_reg[27][13]' (FD) to 'position_tmp_transpose_reg[26][13]'
INFO: [Synth 8-3886] merging instance 'position_tmp_transpose_reg[27][14]' (FD) to 'position_tmp_transpose_reg[26][14]'
INFO: [Synth 8-3886] merging instance 'position_tmp_transpose_reg[27][15]' (FD) to 'position_tmp_transpose_reg[26][15]'
INFO: [Synth 8-3886] merging instance 'position_tmp_transpose_reg[26][1]' (FD) to 'position_tmp_transpose_reg[25][1]'
INFO: [Synth 8-3886] merging instance 'position_tmp_transpose_reg[26][2]' (FD) to 'position_tmp_transpose_reg[25][2]'
INFO: [Synth 8-3886] merging instance 'position_tmp_transpose_reg[26][3]' (FD) to 'position_tmp_transpose_reg[25][3]'
INFO: [Synth 8-3886] merging instance 'position_tmp_transpose_reg[26][4]' (FD) to 'position_tmp_transpose_reg[25][4]'
INFO: [Synth 8-3886] merging instance 'position_tmp_transpose_reg[26][5]' (FD) to 'position_tmp_transpose_reg[25][5]'
INFO: [Synth 8-3886] merging instance 'position_tmp_transpose_reg[26][6]' (FD) to 'position_tmp_transpose_reg[25][6]'
INFO: [Synth 8-3886] merging instance 'position_tmp_transpose_reg[26][7]' (FD) to 'position_tmp_transpose_reg[25][7]'
INFO: [Synth 8-3886] merging instance 'position_tmp_transpose_reg[26][8]' (FD) to 'position_tmp_transpose_reg[25][8]'
INFO: [Synth 8-3886] merging instance 'position_tmp_transpose_reg[26][9]' (FD) to 'position_tmp_transpose_reg[25][9]'
INFO: [Synth 8-3886] merging instance 'position_tmp_transpose_reg[26][10]' (FD) to 'position_tmp_transpose_reg[25][10]'
INFO: [Synth 8-3886] merging instance 'position_tmp_transpose_reg[26][11]' (FD) to 'position_tmp_transpose_reg[25][11]'
INFO: [Synth 8-3886] merging instance 'position_tmp_transpose_reg[26][12]' (FD) to 'position_tmp_transpose_reg[25][12]'
INFO: [Synth 8-3886] merging instance 'position_tmp_transpose_reg[26][13]' (FD) to 'position_tmp_transpose_reg[25][13]'
INFO: [Synth 8-3886] merging instance 'position_tmp_transpose_reg[26][14]' (FD) to 'position_tmp_transpose_reg[25][14]'
INFO: [Synth 8-3886] merging instance 'position_tmp_transpose_reg[26][15]' (FD) to 'position_tmp_transpose_reg[25][15]'
INFO: [Synth 8-3886] merging instance 'position_tmp_transpose_reg[25][1]' (FD) to 'position_tmp_transpose_reg[24][1]'
INFO: [Synth 8-3886] merging instance 'position_tmp_transpose_reg[25][2]' (FD) to 'position_tmp_transpose_reg[24][2]'
INFO: [Synth 8-3886] merging instance 'position_tmp_transpose_reg[25][3]' (FD) to 'position_tmp_transpose_reg[24][3]'
INFO: [Synth 8-3886] merging instance 'position_tmp_transpose_reg[25][4]' (FD) to 'position_tmp_transpose_reg[24][4]'
INFO: [Synth 8-3886] merging instance 'position_tmp_transpose_reg[25][5]' (FD) to 'position_tmp_transpose_reg[24][5]'
INFO: [Synth 8-3886] merging instance 'position_tmp_transpose_reg[25][6]' (FD) to 'position_tmp_transpose_reg[24][6]'
INFO: [Synth 8-3886] merging instance 'position_tmp_transpose_reg[25][7]' (FD) to 'position_tmp_transpose_reg[24][7]'
INFO: [Synth 8-3886] merging instance 'position_tmp_transpose_reg[25][8]' (FD) to 'position_tmp_transpose_reg[24][8]'
INFO: [Synth 8-3886] merging instance 'position_tmp_transpose_reg[25][9]' (FD) to 'position_tmp_transpose_reg[24][9]'
INFO: [Synth 8-3886] merging instance 'position_tmp_transpose_reg[25][10]' (FD) to 'position_tmp_transpose_reg[24][10]'
INFO: [Common 17-14] Message 'Synth 8-3886' appears 100 times and further instances of the messages will be disabled. Use the Tcl command set_msg_config to change the current settings.
INFO: [Synth 8-3333] propagating constant 1 across sequential element (\DB/top_cnt_reg[0] )
INFO: [Synth 8-3333] propagating constant 1 across sequential element (\DB/top_cnt_reg[1] )
INFO: [Synth 8-3333] propagating constant 1 across sequential element (\DB/top_cnt_reg[2] )
INFO: [Synth 8-3333] propagating constant 1 across sequential element (\DB/top_cnt_reg[3] )
INFO: [Synth 8-3333] propagating constant 1 across sequential element (\DB/top_cnt_reg[4] )
INFO: [Synth 8-3333] propagating constant 1 across sequential element (\DB/top_cnt_reg[5] )
INFO: [Synth 8-3333] propagating constant 1 across sequential element (\DB/top_cnt_reg[6] )
INFO: [Synth 8-3333] propagating constant 0 across sequential element (\DB/top_cnt_reg[7] )
INFO: [Synth 8-3333] propagating constant 0 across sequential element (\DB/top_cnt_reg[8] )
INFO: [Synth 8-3333] propagating constant 1 across sequential element (\DB/top_cnt_reg[9] )
INFO: [Synth 8-3333] propagating constant 0 across sequential element (\DB/top_cnt_reg[10] )
INFO: [Synth 8-3333] propagating constant 1 across sequential element (\DB/top_cnt_reg[11] )
INFO: [Synth 8-3333] propagating constant 1 across sequential element (\DB/top_cnt_reg[12] )
INFO: [Synth 8-3333] propagating constant 0 across sequential element (\DB/top_cnt_reg[13] )
INFO: [Synth 8-3333] propagating constant 0 across sequential element (\DB/top_cnt_reg[14] )
INFO: [Synth 8-3333] propagating constant 0 across sequential element (\DB/top_cnt_reg[15] )
INFO: [Synth 8-3333] propagating constant 0 across sequential element (\DB/top_cnt_reg[16] )
INFO: [Synth 8-3333] propagating constant 1 across sequential element (\DB/top_cnt_reg[17] )
INFO: [Synth 8-3333] propagating constant 1 across sequential element (\DB/top_cnt_reg[18] )
INFO: [Synth 8-3333] propagating constant 0 across sequential element (\DB/top_cnt_reg[19] )
INFO: [Synth 8-3333] propagating constant 0 across sequential element (\DB/top_cnt_reg[20] )
INFO: [Synth 8-3333] propagating constant 0 across sequential element (\DB/top_cnt_reg[21] )
INFO: [Synth 8-3333] propagating constant 0 across sequential element (\DB/top_cnt_reg[22] )
INFO: [Synth 8-3333] propagating constant 0 across sequential element (\DB/top_cnt_reg[23] )
INFO: [Synth 8-3333] propagating constant 0 across sequential element (\DB/top_cnt_reg[24] )
INFO: [Synth 8-3333] propagating constant 0 across sequential element (\DB/top_cnt_reg[25] )
INFO: [Synth 8-3333] propagating constant 0 across sequential element (\DB/top_cnt_reg[26] )
INFO: [Synth 8-3333] propagating constant 0 across sequential element (\DB/top_cnt_reg[27] )
INFO: [Synth 8-3333] propagating constant 0 across sequential element (\DB/top_cnt_reg[28] )
INFO: [Synth 8-3333] propagating constant 0 across sequential element (\DB/top_cnt_reg[29] )
INFO: [Synth 8-3333] propagating constant 0 across sequential element (\DB/top_cnt_reg[30] )
INFO: [Synth 8-3333] propagating constant 0 across sequential element (\DB/top_cnt_reg[31] )
INFO: [Synth 8-3333] propagating constant 0 across sequential element (\result_reg[30] )
INFO: [Synth 8-3333] propagating constant 0 across sequential element (\position_tmp_reg[0][0] )
INFO: [Synth 8-3333] propagating constant 0 across sequential element (\position_tmp_reg[2][0] )
INFO: [Synth 8-3333] propagating constant 0 across sequential element (\position_tmp_reg[4][0] )
INFO: [Synth 8-3333] propagating constant 0 across sequential element (\position_tmp_reg[6][0] )
INFO: [Synth 8-3333] propagating constant 0 across sequential element (\position_tmp_reg[8][0] )
INFO: [Synth 8-3333] propagating constant 0 across sequential element (\position_tmp_reg[10][0] )
INFO: [Synth 8-3333] propagating constant 0 across sequential element (\position_tmp_reg[12][0] )
INFO: [Synth 8-3333] propagating constant 0 across sequential element (\position_tmp_reg[14][0] )
INFO: [Synth 8-3333] propagating constant 0 across sequential element (\position_tmp_reg[0][1] )
INFO: [Synth 8-3333] propagating constant 0 across sequential element (\position_tmp_reg[4][1] )
INFO: [Synth 8-3333] propagating constant 0 across sequential element (\position_tmp_reg[5][1] )
INFO: [Synth 8-3333] propagating constant 0 across sequential element (\position_tmp_reg[8][1] )
INFO: [Synth 8-3333] propagating constant 0 across sequential element (\position_tmp_reg[9][1] )
INFO: [Synth 8-3333] propagating constant 0 across sequential element (\position_tmp_reg[12][1] )
INFO: [Synth 8-3333] propagating constant 0 across sequential element (\position_tmp_reg[13][1] )
INFO: [Synth 8-3333] propagating constant 0 across sequential element (\position_tmp_reg[0][2] )
INFO: [Synth 8-3333] propagating constant 0 across sequential element (\position_tmp_reg[8][2] )
INFO: [Synth 8-3333] propagating constant 0 across sequential element (\position_tmp_reg[9][2] )
INFO: [Synth 8-3333] propagating constant 0 across sequential element (\position_tmp_reg[10][2] )
INFO: [Synth 8-3333] propagating constant 0 across sequential element (\position_tmp_reg[11][2] )
INFO: [Synth 8-3333] propagating constant 0 across sequential element (\position_tmp_reg[0][3] )
INFO: [Synth 8-3333] propagating constant 0 across sequential element (\position_tmp_reg[0][4] )
INFO: [Synth 8-3333] propagating constant 0 across sequential element (\position_tmp_reg[0][5] )
INFO: [Synth 8-3333] propagating constant 0 across sequential element (\position_tmp_reg[0][6] )
INFO: [Synth 8-3333] propagating constant 0 across sequential element (\position_tmp_reg[0][7] )
INFO: [Synth 8-3333] propagating constant 0 across sequential element (\position_tmp_reg[0][8] )
INFO: [Synth 8-3333] propagating constant 0 across sequential element (\position_tmp_reg[0][9] )
INFO: [Synth 8-3333] propagating constant 0 across sequential element (\position_tmp_reg[0][10] )
INFO: [Synth 8-3333] propagating constant 0 across sequential element (\position_tmp_reg[0][11] )
INFO: [Synth 8-3333] propagating constant 0 across sequential element (\position_tmp_reg[0][12] )
INFO: [Synth 8-3333] propagating constant 0 across sequential element (\position_tmp_reg[0][13] )
INFO: [Synth 8-3333] propagating constant 0 across sequential element (\position_tmp_reg[0][14] )
INFO: [Synth 8-3333] propagating constant 0 across sequential element (\position_tmp_reg[0][15] )
INFO: [Synth 8-3333] propagating constant 0 across sequential element (\position_tmp_reg[1][1] )
INFO: [Synth 8-3333] propagating constant 0 across sequential element (\position_tmp_reg[2][2] )
INFO: [Synth 8-3333] propagating constant 0 across sequential element (\position_tmp_reg[3][2] )
INFO: [Synth 8-3333] propagating constant 0 across sequential element (\position_tmp_reg[4][3] )
INFO: [Synth 8-3333] propagating constant 0 across sequential element (\position_tmp_reg[5][3] )
INFO: [Synth 8-3333] propagating constant 0 across sequential element (\position_tmp_reg[6][3] )
INFO: [Synth 8-3333] propagating constant 0 across sequential element (\position_tmp_reg[7][3] )
INFO: [Synth 8-3333] propagating constant 0 across sequential element (\position_tmp_reg[8][4] )
INFO: [Synth 8-3333] propagating constant 0 across sequential element (\position_tmp_reg[9][4] )
INFO: [Synth 8-3333] propagating constant 0 across sequential element (\position_tmp_reg[10][4] )
INFO: [Synth 8-3333] propagating constant 0 across sequential element (\position_tmp_reg[11][4] )
INFO: [Synth 8-3333] propagating constant 0 across sequential element (\position_tmp_reg[12][4] )
INFO: [Synth 8-3333] propagating constant 0 across sequential element (\position_tmp_reg[13][4] )
INFO: [Synth 8-3333] propagating constant 0 across sequential element (\position_tmp_reg[14][4] )
INFO: [Synth 8-3333] propagating constant 0 across sequential element (\position_tmp_reg[15][4] )
INFO: [Synth 8-3333] propagating constant 0 across sequential element (\OUTMUX/dig4_reg[4] )
INFO: [Synth 8-3333] propagating constant 0 across sequential element (\OUTMUX/dig1_reg[4] )
INFO: [Synth 8-3333] propagating constant 0 across sequential element (\OUTMUX/bcd_converter_in_delay_reg[16] )
INFO: [Common 17-14] Message 'Synth 8-3333' appears 100 times and further instances of the messages will be disabled. Use the Tcl command set_msg_config to change the current settings.
WARNING: [Synth 8-3332] Sequential element (DB/top_cnt_reg[31]) is unused and will be removed from module nexys4fpga_v2.
WARNING: [Synth 8-3332] Sequential element (DB/top_cnt_reg[30]) is unused and will be removed from module nexys4fpga_v2.
WARNING: [Synth 8-3332] Sequential element (DB/top_cnt_reg[29]) is unused and will be removed from module nexys4fpga_v2.
WARNING: [Synth 8-3332] Sequential element (DB/top_cnt_reg[28]) is unused and will be removed from module nexys4fpga_v2.
WARNING: [Synth 8-3332] Sequential element (DB/top_cnt_reg[27]) is unused and will be removed from module nexys4fpga_v2.
WARNING: [Synth 8-3332] Sequential element (DB/top_cnt_reg[26]) is unused and will be removed from module nexys4fpga_v2.
WARNING: [Synth 8-3332] Sequential element (DB/top_cnt_reg[25]) is unused and will be removed from module nexys4fpga_v2.
WARNING: [Synth 8-3332] Sequential element (DB/top_cnt_reg[24]) is unused and will be removed from module nexys4fpga_v2.
WARNING: [Synth 8-3332] Sequential element (DB/top_cnt_reg[23]) is unused and will be removed from module nexys4fpga_v2.
WARNING: [Synth 8-3332] Sequential element (DB/top_cnt_reg[22]) is unused and will be removed from module nexys4fpga_v2.
WARNING: [Synth 8-3332] Sequential element (DB/top_cnt_reg[21]) is unused and will be removed from module nexys4fpga_v2.
WARNING: [Synth 8-3332] Sequential element (DB/top_cnt_reg[20]) is unused and will be removed from module nexys4fpga_v2.
WARNING: [Synth 8-3332] Sequential element (DB/top_cnt_reg[19]) is unused and will be removed from module nexys4fpga_v2.
WARNING: [Synth 8-3332] Sequential element (DB/top_cnt_reg[18]) is unused and will be removed from module nexys4fpga_v2.
WARNING: [Synth 8-3332] Sequential element (DB/top_cnt_reg[17]) is unused and will be removed from module nexys4fpga_v2.
WARNING: [Synth 8-3332] Sequential element (DB/top_cnt_reg[16]) is unused and will be removed from module nexys4fpga_v2.
WARNING: [Synth 8-3332] Sequential element (DB/top_cnt_reg[15]) is unused and will be removed from module nexys4fpga_v2.
WARNING: [Synth 8-3332] Sequential element (DB/top_cnt_reg[14]) is unused and will be removed from module nexys4fpga_v2.
WARNING: [Synth 8-3332] Sequential element (DB/top_cnt_reg[13]) is unused and will be removed from module nexys4fpga_v2.
WARNING: [Synth 8-3332] Sequential element (DB/top_cnt_reg[12]) is unused and will be removed from module nexys4fpga_v2.
WARNING: [Synth 8-3332] Sequential element (DB/top_cnt_reg[11]) is unused and will be removed from module nexys4fpga_v2.
WARNING: [Synth 8-3332] Sequential element (DB/top_cnt_reg[10]) is unused and will be removed from module nexys4fpga_v2.
WARNING: [Synth 8-3332] Sequential element (DB/top_cnt_reg[9]) is unused and will be removed from module nexys4fpga_v2.
WARNING: [Synth 8-3332] Sequential element (DB/top_cnt_reg[8]) is unused and will be removed from module nexys4fpga_v2.
WARNING: [Synth 8-3332] Sequential element (DB/top_cnt_reg[7]) is unused and will be removed from module nexys4fpga_v2.
WARNING: [Synth 8-3332] Sequential element (DB/top_cnt_reg[6]) is unused and will be removed from module nexys4fpga_v2.
WARNING: [Synth 8-3332] Sequential element (DB/top_cnt_reg[5]) is unused and will be removed from module nexys4fpga_v2.
WARNING: [Synth 8-3332] Sequential element (DB/top_cnt_reg[4]) is unused and will be removed from module nexys4fpga_v2.
WARNING: [Synth 8-3332] Sequential element (DB/top_cnt_reg[3]) is unused and will be removed from module nexys4fpga_v2.
WARNING: [Synth 8-3332] Sequential element (DB/top_cnt_reg[2]) is unused and will be removed from module nexys4fpga_v2.
WARNING: [Synth 8-3332] Sequential element (DB/top_cnt_reg[1]) is unused and will be removed from module nexys4fpga_v2.
WARNING: [Synth 8-3332] Sequential element (DB/top_cnt_reg[0]) is unused and will be removed from module nexys4fpga_v2.
WARNING: [Synth 8-3332] Sequential element (OUTMUX/bcd_converter_in_delay_reg[31]) is unused and will be removed from module nexys4fpga_v2.
WARNING: [Synth 8-3332] Sequential element (OUTMUX/bcd_converter_in_delay_reg[30]) is unused and will be removed from module nexys4fpga_v2.
WARNING: [Synth 8-3332] Sequential element (OUTMUX/bcd_converter_in_delay_reg[29]) is unused and will be removed from module nexys4fpga_v2.
WARNING: [Synth 8-3332] Sequential element (OUTMUX/bcd_converter_in_delay_reg[28]) is unused and will be removed from module nexys4fpga_v2.
WARNING: [Synth 8-3332] Sequential element (OUTMUX/bcd_converter_in_delay_reg[27]) is unused and will be removed from module nexys4fpga_v2.
WARNING: [Synth 8-3332] Sequential element (OUTMUX/bcd_converter_in_delay_reg[26]) is unused and will be removed from module nexys4fpga_v2.
WARNING: [Synth 8-3332] Sequential element (OUTMUX/bcd_converter_in_delay_reg[25]) is unused and will be removed from module nexys4fpga_v2.
WARNING: [Synth 8-3332] Sequential element (OUTMUX/bcd_converter_in_delay_reg[24]) is unused and will be removed from module nexys4fpga_v2.
WARNING: [Synth 8-3332] Sequential element (OUTMUX/bcd_converter_in_delay_reg[23]) is unused and will be removed from module nexys4fpga_v2.
WARNING: [Synth 8-3332] Sequential element (OUTMUX/bcd_converter_in_delay_reg[22]) is unused and will be removed from module nexys4fpga_v2.
WARNING: [Synth 8-3332] Sequential element (OUTMUX/bcd_converter_in_delay_reg[21]) is unused and will be removed from module nexys4fpga_v2.
WARNING: [Synth 8-3332] Sequential element (OUTMUX/bcd_converter_in_delay_reg[20]) is unused and will be removed from module nexys4fpga_v2.
WARNING: [Synth 8-3332] Sequential element (OUTMUX/bcd_converter_in_delay_reg[19]) is unused and will be removed from module nexys4fpga_v2.
WARNING: [Synth 8-3332] Sequential element (OUTMUX/bcd_converter_in_delay_reg[18]) is unused and will be removed from module nexys4fpga_v2.
WARNING: [Synth 8-3332] Sequential element (OUTMUX/bcd_converter_in_delay_reg[17]) is unused and will be removed from module nexys4fpga_v2.
WARNING: [Synth 8-3332] Sequential element (OUTMUX/bcd_converter_in_delay_reg[16]) is unused and will be removed from module nexys4fpga_v2.
WARNING: [Synth 8-3332] Sequential element (OUTMUX/result_dly_reg[31]) is unused and will be removed from module nexys4fpga_v2.
WARNING: [Synth 8-3332] Sequential element (OUTMUX/result_dly_reg[30]) is unused and will be removed from module nexys4fpga_v2.
WARNING: [Synth 8-3332] Sequential element (OUTMUX/result_dly_reg[29]) is unused and will be removed from module nexys4fpga_v2.
WARNING: [Synth 8-3332] Sequential element (OUTMUX/result_dly_reg[28]) is unused and will be removed from module nexys4fpga_v2.
WARNING: [Synth 8-3332] Sequential element (OUTMUX/result_dly_reg[27]) is unused and will be removed from module nexys4fpga_v2.
WARNING: [Synth 8-3332] Sequential element (OUTMUX/result_dly_reg[26]) is unused and will be removed from module nexys4fpga_v2.
WARNING: [Synth 8-3332] Sequential element (OUTMUX/result_dly_reg[25]) is unused and will be removed from module nexys4fpga_v2.
WARNING: [Synth 8-3332] Sequential element (OUTMUX/result_dly_reg[24]) is unused and will be removed from module nexys4fpga_v2.
WARNING: [Synth 8-3332] Sequential element (OUTMUX/result_dly_reg[23]) is unused and will be removed from module nexys4fpga_v2.
WARNING: [Synth 8-3332] Sequential element (OUTMUX/result_dly_reg[22]) is unused and will be removed from module nexys4fpga_v2.
WARNING: [Synth 8-3332] Sequential element (OUTMUX/result_dly_reg[21]) is unused and will be removed from module nexys4fpga_v2.
WARNING: [Synth 8-3332] Sequential element (OUTMUX/result_dly_reg[20]) is unused and will be removed from module nexys4fpga_v2.
WARNING: [Synth 8-3332] Sequential element (OUTMUX/result_dly_reg[19]) is unused and will be removed from module nexys4fpga_v2.
WARNING: [Synth 8-3332] Sequential element (OUTMUX/result_dly_reg[18]) is unused and will be removed from module nexys4fpga_v2.
WARNING: [Synth 8-3332] Sequential element (OUTMUX/result_dly_reg[17]) is unused and will be removed from module nexys4fpga_v2.
WARNING: [Synth 8-3332] Sequential element (OUTMUX/result_dly_reg[16]) is unused and will be removed from module nexys4fpga_v2.
WARNING: [Synth 8-3332] Sequential element (OUTMUX/dig4_reg[4]) is unused and will be removed from module nexys4fpga_v2.
WARNING: [Synth 8-3332] Sequential element (OUTMUX/dig1_reg[4]) is unused and will be removed from module nexys4fpga_v2.
WARNING: [Synth 8-3332] Sequential element (u_mean/sums_reg[0][3]) is unused and will be removed from module nexys4fpga_v2.
WARNING: [Synth 8-3332] Sequential element (u_mean/sums_reg[0][2]) is unused and will be removed from module nexys4fpga_v2.
WARNING: [Synth 8-3332] Sequential element (u_mean/sums_reg[0][1]) is unused and will be removed from module nexys4fpga_v2.
WARNING: [Synth 8-3332] Sequential element (u_mean/sums_reg[0][0]) is unused and will be removed from module nexys4fpga_v2.
WARNING: [Synth 8-3332] Sequential element (position_tmp_reg[0][31]) is unused and will be removed from module nexys4fpga_v2.
WARNING: [Synth 8-3332] Sequential element (position_tmp_reg[0][30]) is unused and will be removed from module nexys4fpga_v2.
WARNING: [Synth 8-3332] Sequential element (position_tmp_reg[0][29]) is unused and will be removed from module nexys4fpga_v2.
WARNING: [Synth 8-3332] Sequential element (position_tmp_reg[0][28]) is unused and will be removed from module nexys4fpga_v2.
WARNING: [Synth 8-3332] Sequential element (position_tmp_reg[0][27]) is unused and will be removed from module nexys4fpga_v2.
WARNING: [Synth 8-3332] Sequential element (position_tmp_reg[0][26]) is unused and will be removed from module nexys4fpga_v2.
WARNING: [Synth 8-3332] Sequential element (position_tmp_reg[0][25]) is unused and will be removed from module nexys4fpga_v2.
WARNING: [Synth 8-3332] Sequential element (position_tmp_reg[0][24]) is unused and will be removed from module nexys4fpga_v2.
WARNING: [Synth 8-3332] Sequential element (position_tmp_reg[0][23]) is unused and will be removed from module nexys4fpga_v2.
WARNING: [Synth 8-3332] Sequential element (position_tmp_reg[0][22]) is unused and will be removed from module nexys4fpga_v2.
WARNING: [Synth 8-3332] Sequential element (position_tmp_reg[0][21]) is unused and will be removed from module nexys4fpga_v2.
WARNING: [Synth 8-3332] Sequential element (position_tmp_reg[0][20]) is unused and will be removed from module nexys4fpga_v2.
WARNING: [Synth 8-3332] Sequential element (position_tmp_reg[0][19]) is unused and will be removed from module nexys4fpga_v2.
WARNING: [Synth 8-3332] Sequential element (position_tmp_reg[0][18]) is unused and will be removed from module nexys4fpga_v2.
WARNING: [Synth 8-3332] Sequential element (position_tmp_reg[0][17]) is unused and will be removed from module nexys4fpga_v2.
WARNING: [Synth 8-3332] Sequential element (position_tmp_reg[0][16]) is unused and will be removed from module nexys4fpga_v2.
WARNING: [Synth 8-3332] Sequential element (position_tmp_reg[0][15]) is unused and will be removed from module nexys4fpga_v2.
WARNING: [Synth 8-3332] Sequential element (position_tmp_reg[0][14]) is unused and will be removed from module nexys4fpga_v2.
WARNING: [Synth 8-3332] Sequential element (position_tmp_reg[0][13]) is unused and will be removed from module nexys4fpga_v2.
WARNING: [Synth 8-3332] Sequential element (position_tmp_reg[0][12]) is unused and will be removed from module nexys4fpga_v2.
WARNING: [Synth 8-3332] Sequential element (position_tmp_reg[0][11]) is unused and will be removed from module nexys4fpga_v2.
WARNING: [Synth 8-3332] Sequential element (position_tmp_reg[0][10]) is unused and will be removed from module nexys4fpga_v2.
WARNING: [Synth 8-3332] Sequential element (position_tmp_reg[0][9]) is unused and will be removed from module nexys4fpga_v2.
WARNING: [Synth 8-3332] Sequential element (position_tmp_reg[0][8]) is unused and will be removed from module nexys4fpga_v2.
WARNING: [Synth 8-3332] Sequential element (position_tmp_reg[0][7]) is unused and will be removed from module nexys4fpga_v2.
WARNING: [Synth 8-3332] Sequential element (position_tmp_reg[0][6]) is unused and will be removed from module nexys4fpga_v2.
WARNING: [Synth 8-3332] Sequential element (position_tmp_reg[0][5]) is unused and will be removed from module nexys4fpga_v2.
WARNING: [Synth 8-3332] Sequential element (position_tmp_reg[0][4]) is unused and will be removed from module nexys4fpga_v2.
WARNING: [Synth 8-3332] Sequential element (position_tmp_reg[0][3]) is unused and will be removed from module nexys4fpga_v2.
WARNING: [Synth 8-3332] Sequential element (position_tmp_reg[0][2]) is unused and will be removed from module nexys4fpga_v2.
INFO: [Common 17-14] Message 'Synth 8-3332' appears 100 times and further instances of the messages will be disabled. Use the Tcl command set_msg_config to change the current settings.
---------------------------------------------------------------------------------
Finished Cross Boundary and Area Optimization : Time (s): cpu = 00:00:17 ; elapsed = 00:00:20 . Memory (MB): peak = 825.922 ; gain = 518.355
---------------------------------------------------------------------------------

Report RTL Partitions: 
+-+--------------+------------+----------+
| |RTL Partition |Replication |Instances |
+-+--------------+------------+----------+
+-+--------------+------------+----------+
---------------------------------------------------------------------------------
Start Applying XDC Timing Constraints
---------------------------------------------------------------------------------
INFO: [Synth 8-5578] Moved timing constraint from pin 'generated_clock/clk_100' to pin 'generated_clock/bbstub_clk_100/O'
INFO: [Synth 8-5578] Moved timing constraint from pin 'generated_clock/clk_110' to pin 'generated_clock/bbstub_clk_110/O'
INFO: [Synth 8-5578] Moved timing constraint from pin 'generated_clock/clk_157' to pin 'generated_clock/bbstub_clk_157/O'
INFO: [Synth 8-5578] Moved timing constraint from pin 'generated_clock/clk_183' to pin 'generated_clock/bbstub_clk_183/O'
INFO: [Synth 8-5578] Moved timing constraint from pin 'generated_clock/clk_220' to pin 'generated_clock/bbstub_clk_220/O'
INFO: [Synth 8-5578] Moved timing constraint from pin 'generated_clock/clk_275' to pin 'generated_clock/bbstub_clk_275/O'
INFO: [Synth 8-5819] Moved 6 constraints on hierarchical pins to their respective driving/loading pins
---------------------------------------------------------------------------------
Finished Applying XDC Timing Constraints : Time (s): cpu = 00:00:26 ; elapsed = 00:00:29 . Memory (MB): peak = 825.922 ; gain = 518.355
---------------------------------------------------------------------------------
---------------------------------------------------------------------------------
Start Timing Optimization
---------------------------------------------------------------------------------
---------------------------------------------------------------------------------
Finished Timing Optimization : Time (s): cpu = 00:00:26 ; elapsed = 00:00:30 . Memory (MB): peak = 832.711 ; gain = 525.145
---------------------------------------------------------------------------------

Report RTL Partitions: 
+-+--------------+------------+----------+
| |RTL Partition |Replication |Instances |
+-+--------------+------------+----------+
+-+--------------+------------+----------+
---------------------------------------------------------------------------------
Start Technology Mapping
---------------------------------------------------------------------------------
INFO: [Synth 8-5816] Retiming module `nexys4fpga_v2`
	Effective logic levels on critical path before retiming is: 5
	Total number of crtical paths = 95

	Optimizing at the module level
	Cannot find a feasible solution:
		Effective logic levels from SSB/clk_cnt_reg[4] to SSB/clk_cnt_reg[30] is: 5
		Effective logic levels from SSB/clk_cnt_reg[30] to SSB/clk_cnt_reg[4] is: 3
		Effective logic levels found across for latency (=2) is: 8
	Optimizing locally to improve critical paths(may not reduce worst delay)

	Effective logic levels on critical path after retiming is: 5
	Total number of crtical paths = 95
	Numbers of forward move = 0, and backward move = 0


INFO: [Synth 8-5816] Retiming module `nexys4fpga_v2' done


---------------------------------------------------------------------------------
Finished Technology Mapping : Time (s): cpu = 00:00:28 ; elapsed = 00:00:31 . Memory (MB): peak = 837.164 ; gain = 529.598
---------------------------------------------------------------------------------

Report RTL Partitions: 
+-+--------------+------------+----------+
| |RTL Partition |Replication |Instances |
+-+--------------+------------+----------+
+-+--------------+------------+----------+
---------------------------------------------------------------------------------
Start IO Insertion
---------------------------------------------------------------------------------
---------------------------------------------------------------------------------
Start Flattening Before IO Insertion
---------------------------------------------------------------------------------
---------------------------------------------------------------------------------
Finished Flattening Before IO Insertion
---------------------------------------------------------------------------------
---------------------------------------------------------------------------------
Start Final Netlist Cleanup
---------------------------------------------------------------------------------
INFO: [Synth 8-5816] Retiming module `nexys4fpga_v2`
	Numbers of forward move = 0, and backward move = 5

	Retimed registers names:
		SSB/clk_cnt_reg[26]_bret
		SSB/clk_cnt_reg[26]_bret__0
		SSB/clk_cnt_reg[26]_bret__1
		SSB/clk_cnt_reg[26]_bret__2
		SSB/clk_cnt_reg[26]_bret__3
		SSB/clk_cnt_reg[28]_bret
		SSB/clk_cnt_reg[28]_bret__0
		SSB/clk_cnt_reg[28]_bret__1
		SSB/clk_cnt_reg[28]_bret__2
		SSB/clk_cnt_reg[28]_bret__3
		SSB/clk_cnt_reg[29]_bret
		SSB/clk_cnt_reg[29]_bret__0
		SSB/clk_cnt_reg[29]_bret__1
		SSB/clk_cnt_reg[29]_bret__2
		SSB/clk_cnt_reg[29]_bret__3
		SSB/clk_cnt_reg[30]_bret
		SSB/clk_cnt_reg[30]_bret__0
		SSB/clk_cnt_reg[30]_bret__1
		SSB/clk_cnt_reg[30]_bret__2
		SSB/clk_cnt_reg[30]_bret__3
		SSB/clk_cnt_reg[31]_bret
		SSB/clk_cnt_reg[31]_bret__0
		SSB/clk_cnt_reg[31]_bret__1
		SSB/clk_cnt_reg[31]_bret__2
		SSB/clk_cnt_reg[31]_bret__3
 

INFO: [Synth 8-5816] Retiming module `nexys4fpga_v2' done


---------------------------------------------------------------------------------
Finished Final Netlist Cleanup
---------------------------------------------------------------------------------
---------------------------------------------------------------------------------
Finished IO Insertion : Time (s): cpu = 00:00:29 ; elapsed = 00:00:32 . Memory (MB): peak = 837.164 ; gain = 529.598
---------------------------------------------------------------------------------

Report Check Netlist: 
+------+------------------+-------+---------+-------+------------------+
|      |Item              |Errors |Warnings |Status |Description       |
+------+------------------+-------+---------+-------+------------------+
|1     |multi_driven_nets |      0|        0|Passed |Multi driven nets |
+------+------------------+-------+---------+-------+------------------+
---------------------------------------------------------------------------------
Start Renaming Generated Instances
---------------------------------------------------------------------------------
---------------------------------------------------------------------------------
Finished Renaming Generated Instances : Time (s): cpu = 00:00:29 ; elapsed = 00:00:32 . Memory (MB): peak = 837.164 ; gain = 529.598
---------------------------------------------------------------------------------

Report RTL Partitions: 
+-+--------------+------------+----------+
| |RTL Partition |Replication |Instances |
+-+--------------+------------+----------+
+-+--------------+------------+----------+
---------------------------------------------------------------------------------
Start Rebuilding User Hierarchy
---------------------------------------------------------------------------------
---------------------------------------------------------------------------------
Finished Rebuilding User Hierarchy : Time (s): cpu = 00:00:29 ; elapsed = 00:00:32 . Memory (MB): peak = 837.164 ; gain = 529.598
---------------------------------------------------------------------------------
---------------------------------------------------------------------------------
Start Renaming Generated Ports
---------------------------------------------------------------------------------
---------------------------------------------------------------------------------
Finished Renaming Generated Ports : Time (s): cpu = 00:00:29 ; elapsed = 00:00:32 . Memory (MB): peak = 837.164 ; gain = 529.598
---------------------------------------------------------------------------------
---------------------------------------------------------------------------------
Start Handling Custom Attributes
---------------------------------------------------------------------------------
---------------------------------------------------------------------------------
Finished Handling Custom Attributes : Time (s): cpu = 00:00:29 ; elapsed = 00:00:32 . Memory (MB): peak = 837.164 ; gain = 529.598
---------------------------------------------------------------------------------
---------------------------------------------------------------------------------
Start Renaming Generated Nets
---------------------------------------------------------------------------------
---------------------------------------------------------------------------------
Finished Renaming Generated Nets : Time (s): cpu = 00:00:29 ; elapsed = 00:00:32 . Memory (MB): peak = 837.164 ; gain = 529.598
---------------------------------------------------------------------------------
---------------------------------------------------------------------------------
Start Writing Synthesis Report
---------------------------------------------------------------------------------

Report BlackBoxes: 
+------+--------------+----------+
|      |BlackBox name |Instances |
+------+--------------+----------+
|1     |clk_wiz_0     |         1|
+------+--------------+----------+

Report Cell Usage: 
+------+----------+------+
|      |Cell      |Count |
+------+----------+------+
|1     |clk_wiz_0 |     1|
|2     |CARRY4    |   129|
|3     |LUT1      |    11|
|4     |LUT2      |   276|
|5     |LUT3      |    24|
|6     |LUT4      |   111|
|7     |LUT5      |   123|
|8     |LUT6      |   190|
|9     |MUXF7     |    39|
|10    |FDRE      |  1297|
|11    |FDSE      |    22|
|12    |IBUF      |    22|
|13    |OBUF      |    40|
+------+----------+------+

Report Instance Areas: 
+------+-----------+-------------------+------+
|      |Instance   |Module             |Cells |
+------+-----------+-------------------+------+
|1     |top        |                   |  2290|
|2     |  CTL      |control_unit       |    71|
|3     |  DB       |debounce_v2        |   193|
|4     |  OUTMUX   |sevenseg_outmux_v2 |   765|
|5     |    BINBCD |binary_to_bcd      |   175|
|6     |  SSB      |sevensegment       |   260|
|7     |    Digit0 |Digit              |    15|
|8     |    Digit1 |Digit_0            |    14|
|9     |    Digit2 |Digit_1            |    14|
|10    |    Digit3 |Digit_2            |    28|
|11    |    Digit4 |Digit_3            |    14|
|12    |    Digit5 |Digit_4            |    14|
|13    |    Digit6 |Digit_5            |    14|
|14    |    Digit7 |Digit_6            |    21|
|15    |  u_mean   |mean_v2            |   604|
+------+-----------+-------------------+------+
---------------------------------------------------------------------------------
Finished Writing Synthesis Report : Time (s): cpu = 00:00:29 ; elapsed = 00:00:32 . Memory (MB): peak = 837.164 ; gain = 529.598
---------------------------------------------------------------------------------
Synthesis finished with 0 errors, 0 critical warnings and 429 warnings.
Synthesis Optimization Runtime : Time (s): cpu = 00:00:19 ; elapsed = 00:00:24 . Memory (MB): peak = 837.164 ; gain = 164.813
Synthesis Optimization Complete : Time (s): cpu = 00:00:29 ; elapsed = 00:00:33 . Memory (MB): peak = 837.164 ; gain = 529.598
INFO: [Project 1-571] Translating synthesized netlist
INFO: [Netlist 29-17] Analyzing 190 Unisim elements for replacement
INFO: [Netlist 29-28] Unisim Transformation completed in 0 CPU seconds
INFO: [Project 1-570] Preparing netlist for logic optimization
INFO: [Opt 31-138] Pushed 0 inverter(s) to 0 load pin(s).
INFO: [Project 1-111] Unisim Transformation Summary:
No Unisim elements were transformed.

INFO: [Common 17-83] Releasing license: Synthesis
343 Infos, 143 Warnings, 0 Critical Warnings and 0 Errors encountered.
synth_design completed successfully
synth_design: Time (s): cpu = 00:00:31 ; elapsed = 00:00:35 . Memory (MB): peak = 837.164 ; gain = 541.070
WARNING: [Constraints 18-5210] No constraint will be written out.
INFO: [Common 17-1381] The checkpoint 'D:/Projects/Code/ece540w20_proj3_r1_1/project_3/project_3.runs/synth_220/nexys4fpga_v2.dcp' has been generated.
INFO: [runtcl-4] Executing : report_utilization -file nexys4fpga_v2_utilization_synth.rpt -pb nexys4fpga_v2_utilization_synth.pb
report_utilization: Time (s): cpu = 00:00:00 ; elapsed = 00:00:00.069 . Memory (MB): peak = 837.164 ; gain = 0.000
INFO: [Common 17-206] Exiting Vivado at Mon Mar  2 02:37:49 2020...
