
*** Running vivado
    with args -log nexys4fpga_v1.vdi -applog -m64 -product Vivado -messageDb vivado.pb -mode batch -source nexys4fpga_v1.tcl -notrace


****** Vivado v2018.2 (64-bit)
  **** SW Build 2258646 on Thu Jun 14 20:03:12 MDT 2018
  **** IP Build 2256618 on Thu Jun 14 22:10:49 MDT 2018
    ** Copyright 1986-2018 Xilinx, Inc. All Rights Reserved.

source nexys4fpga_v1.tcl -notrace
Command: link_design -top nexys4fpga_v1 -part xc7a100tcsg324-1
Design is defaulting to srcset: sources_1
Design is defaulting to constrset: constrs_1
INFO: [Project 1-454] Reading design checkpoint 'd:/Projects/Code/ece540w20_proj3_r1_1/project_3/project_3.srcs/sources_1/ip/clk_wiz_0/clk_wiz_0.dcp' for cell 'generated_clock'
INFO: [Netlist 29-17] Analyzing 145 Unisim elements for replacement
INFO: [Netlist 29-28] Unisim Transformation completed in 0 CPU seconds
INFO: [Project 1-479] Netlist was created with Vivado 2018.2
INFO: [Device 21-403] Loading part xc7a100tcsg324-1
INFO: [Project 1-570] Preparing netlist for logic optimization
Parsing XDC File [d:/Projects/Code/ece540w20_proj3_r1_1/project_3/project_3.srcs/sources_1/ip/clk_wiz_0/clk_wiz_0_board.xdc] for cell 'generated_clock/inst'
Finished Parsing XDC File [d:/Projects/Code/ece540w20_proj3_r1_1/project_3/project_3.srcs/sources_1/ip/clk_wiz_0/clk_wiz_0_board.xdc] for cell 'generated_clock/inst'
Parsing XDC File [d:/Projects/Code/ece540w20_proj3_r1_1/project_3/project_3.srcs/sources_1/ip/clk_wiz_0/clk_wiz_0.xdc] for cell 'generated_clock/inst'
INFO: [Timing 38-35] Done setting XDC timing constraints. [d:/Projects/Code/ece540w20_proj3_r1_1/project_3/project_3.srcs/sources_1/ip/clk_wiz_0/clk_wiz_0.xdc:57]
INFO: [Timing 38-2] Deriving generated clocks [d:/Projects/Code/ece540w20_proj3_r1_1/project_3/project_3.srcs/sources_1/ip/clk_wiz_0/clk_wiz_0.xdc:57]
get_clocks: Time (s): cpu = 00:00:12 ; elapsed = 00:00:13 . Memory (MB): peak = 1217.508 ; gain = 571.473
Finished Parsing XDC File [d:/Projects/Code/ece540w20_proj3_r1_1/project_3/project_3.srcs/sources_1/ip/clk_wiz_0/clk_wiz_0.xdc] for cell 'generated_clock/inst'
Parsing XDC File [D:/Projects/Code/ece540w20_proj3_r1_1/project_3/project_3.srcs/constrs_1/imports/constraints/n4DDRfpga.xdc]
Finished Parsing XDC File [D:/Projects/Code/ece540w20_proj3_r1_1/project_3/project_3.srcs/constrs_1/imports/constraints/n4DDRfpga.xdc]
INFO: [Opt 31-138] Pushed 0 inverter(s) to 0 load pin(s).
INFO: [Project 1-111] Unisim Transformation Summary:
No Unisim elements were transformed.

10 Infos, 0 Warnings, 0 Critical Warnings and 0 Errors encountered.
link_design completed successfully
link_design: Time (s): cpu = 00:00:19 ; elapsed = 00:00:22 . Memory (MB): peak = 1217.508 ; gain = 920.609
Command: opt_design -directive ExploreSequentialArea
INFO: [Vivado_Tcl 4-136] Directive used for opt_design is: ExploreSequentialArea
Attempting to get a license for feature 'Implementation' and/or device 'xc7a100t'
INFO: [Common 17-349] Got license for feature 'Implementation' and/or device 'xc7a100t'
Running DRC as a precondition to command opt_design

Starting DRC Task
INFO: [DRC 23-27] Running DRC with 2 threads
INFO: [Project 1-461] DRC finished with 0 Errors
INFO: [Project 1-462] Please refer to the DRC report (report_drc) for more information.

Time (s): cpu = 00:00:02 ; elapsed = 00:00:00.854 . Memory (MB): peak = 1217.508 ; gain = 0.000

Starting Cache Timing Information Task
INFO: [Timing 38-35] Done setting XDC timing constraints.
INFO: [Timing 38-2] Deriving generated clocks
Ending Cache Timing Information Task | Checksum: a2d785d2

Time (s): cpu = 00:00:00 ; elapsed = 00:00:00.237 . Memory (MB): peak = 1233.398 ; gain = 15.891

Starting Logic Optimization Task

Phase 1 Retarget
INFO: [Opt 31-138] Pushed 1 inverter(s) to 1 load pin(s).
INFO: [Opt 31-49] Retargeted 0 cell(s).
Phase 1 Retarget | Checksum: 1bac0247e

Time (s): cpu = 00:00:00 ; elapsed = 00:00:00.206 . Memory (MB): peak = 1233.398 ; gain = 0.000
INFO: [Opt 31-389] Phase Retarget created 0 cells and removed 0 cells

Phase 2 Constant propagation
INFO: [Opt 31-138] Pushed 0 inverter(s) to 0 load pin(s).
Phase 2 Constant propagation | Checksum: 1bac0247e

Time (s): cpu = 00:00:00 ; elapsed = 00:00:00.245 . Memory (MB): peak = 1233.398 ; gain = 0.000
INFO: [Opt 31-389] Phase Constant propagation created 0 cells and removed 0 cells

Phase 3 Sweep
Phase 3 Sweep | Checksum: 1d368e95d

Time (s): cpu = 00:00:00 ; elapsed = 00:00:00.290 . Memory (MB): peak = 1233.398 ; gain = 0.000
INFO: [Opt 31-389] Phase Sweep created 12 cells and removed 5 cells

Phase 4 BUFG optimization
Phase 4 BUFG optimization | Checksum: 1d368e95d

Time (s): cpu = 00:00:00 ; elapsed = 00:00:00.337 . Memory (MB): peak = 1233.398 ; gain = 0.000
INFO: [Opt 31-662] Phase BUFG optimization created 0 cells of which 0 are BUFGs and removed 0 cells.

Phase 5 Shift Register Optimization
Phase 5 Shift Register Optimization | Checksum: 163bbd287

Time (s): cpu = 00:00:00 ; elapsed = 00:00:00.455 . Memory (MB): peak = 1233.398 ; gain = 0.000
INFO: [Opt 31-389] Phase Shift Register Optimization created 0 cells and removed 0 cells

Phase 6 Constant propagation
INFO: [Opt 31-138] Pushed 0 inverter(s) to 0 load pin(s).
Phase 6 Constant propagation | Checksum: 163bbd287

Time (s): cpu = 00:00:00 ; elapsed = 00:00:00.494 . Memory (MB): peak = 1233.398 ; gain = 0.000
INFO: [Opt 31-389] Phase Constant propagation created 0 cells and removed 0 cells

Phase 7 Sweep
Phase 7 Sweep | Checksum: 17774a67a

Time (s): cpu = 00:00:00 ; elapsed = 00:00:00.518 . Memory (MB): peak = 1233.398 ; gain = 0.000
INFO: [Opt 31-389] Phase Sweep created 0 cells and removed 0 cells

Phase 8 Resynthesis
INFO: [Timing 38-35] Done setting XDC timing constraints.
INFO: [Opt 31-74] Optimized 2 modules.
INFO: [Opt 31-75] Optimized module 'binary_to_bcd'.
INFO: [Opt 31-75] Optimized module 'control_unit'.
INFO: [Opt 31-138] Pushed 0 inverter(s) to 0 load pin(s).
INFO: [Opt 31-138] Pushed 0 inverter(s) to 0 load pin(s).
Phase 8 Resynthesis | Checksum: 1c681aed5

Time (s): cpu = 00:00:03 ; elapsed = 00:00:05 . Memory (MB): peak = 1233.398 ; gain = 0.000
INFO: [Opt 31-389] Phase Resynthesis created 218 cells and removed 238 cells

Phase 9 Post Processing Netlist
Phase 9 Post Processing Netlist | Checksum: 1c681aed5

Time (s): cpu = 00:00:03 ; elapsed = 00:00:05 . Memory (MB): peak = 1233.398 ; gain = 0.000
INFO: [Opt 31-389] Phase Post Processing Netlist created 0 cells and removed 0 cells

Starting Connectivity Check Task

Time (s): cpu = 00:00:00 ; elapsed = 00:00:00.004 . Memory (MB): peak = 1233.398 ; gain = 0.000
Ending Logic Optimization Task | Checksum: 178e694c5

Time (s): cpu = 00:00:03 ; elapsed = 00:00:05 . Memory (MB): peak = 1233.398 ; gain = 0.000

Starting Power Optimization Task
INFO: [Pwropt 34-132] Skipping clock gating for clocks with a period < 2.00 ns.
Ending Power Optimization Task | Checksum: 178e694c5

Time (s): cpu = 00:00:00 ; elapsed = 00:00:00.013 . Memory (MB): peak = 1233.398 ; gain = 0.000

Starting Final Cleanup Task
Ending Final Cleanup Task | Checksum: 178e694c5

Time (s): cpu = 00:00:00 ; elapsed = 00:00:00 . Memory (MB): peak = 1233.398 ; gain = 0.000
INFO: [Common 17-83] Releasing license: Implementation
38 Infos, 0 Warnings, 0 Critical Warnings and 0 Errors encountered.
opt_design completed successfully
opt_design: Time (s): cpu = 00:00:05 ; elapsed = 00:00:06 . Memory (MB): peak = 1233.398 ; gain = 15.891
INFO: [Timing 38-480] Writing timing data to binary archive.
Writing placer database...
Writing XDEF routing.
Writing XDEF routing logical nets.
Writing XDEF routing special nets.
Write XDEF Complete: Time (s): cpu = 00:00:00 ; elapsed = 00:00:00.049 . Memory (MB): peak = 1233.398 ; gain = 0.000
INFO: [Common 17-1381] The checkpoint 'D:/Projects/Code/ece540w20_proj3_r1_1/project_3/project_3.runs/impl_183_v1/nexys4fpga_v1_opt.dcp' has been generated.
INFO: [runtcl-4] Executing : report_drc -file nexys4fpga_v1_drc_opted.rpt -pb nexys4fpga_v1_drc_opted.pb -rpx nexys4fpga_v1_drc_opted.rpx
Command: report_drc -file nexys4fpga_v1_drc_opted.rpt -pb nexys4fpga_v1_drc_opted.pb -rpx nexys4fpga_v1_drc_opted.rpx
INFO: [DRC 23-27] Running DRC with 2 threads
INFO: [Coretcl 2-168] The results of DRC are in file D:/Projects/Code/ece540w20_proj3_r1_1/project_3/project_3.runs/impl_183_v1/nexys4fpga_v1_drc_opted.rpt.
report_drc completed successfully
Command: place_design -directive EarlyBlockPlacement
Attempting to get a license for feature 'Implementation' and/or device 'xc7a100t'
INFO: [Common 17-349] Got license for feature 'Implementation' and/or device 'xc7a100t'
INFO: [DRC 23-27] Running DRC with 2 threads
INFO: [Vivado_Tcl 4-198] DRC finished with 0 Errors
INFO: [Vivado_Tcl 4-199] Please refer to the DRC report (report_drc) for more information.
Running DRC as a precondition to command place_design
INFO: [DRC 23-27] Running DRC with 2 threads
INFO: [Vivado_Tcl 4-198] DRC finished with 0 Errors
INFO: [Vivado_Tcl 4-199] Please refer to the DRC report (report_drc) for more information.

Starting Placer Task
INFO: [Place 46-5] The placer was invoked with the 'EarlyBlockPlacement' directive.
INFO: [Place 30-611] Multithreading enabled for place_design using a maximum of 2 CPUs

Phase 1 Placer Initialization

Phase 1.1 Placer Initialization Netlist Sorting
Netlist sorting complete. Time (s): cpu = 00:00:00 ; elapsed = 00:00:00.003 . Memory (MB): peak = 1233.398 ; gain = 0.000
Phase 1.1 Placer Initialization Netlist Sorting | Checksum: aacff153

Time (s): cpu = 00:00:00 ; elapsed = 00:00:00.017 . Memory (MB): peak = 1233.398 ; gain = 0.000
INFO: [Timing 38-35] Done setting XDC timing constraints.
INFO: [Opt 31-138] Pushed 0 inverter(s) to 0 load pin(s).
Netlist sorting complete. Time (s): cpu = 00:00:00 ; elapsed = 00:00:00.002 . Memory (MB): peak = 1249.508 ; gain = 0.000

Phase 1.2 IO Placement/ Clock Placement/ Build Placer Device
INFO: [Timing 38-35] Done setting XDC timing constraints.
Phase 1.2 IO Placement/ Clock Placement/ Build Placer Device | Checksum: 11bba7eae

Time (s): cpu = 00:00:02 ; elapsed = 00:00:01 . Memory (MB): peak = 1250.875 ; gain = 17.477

Phase 1.3 Build Placer Netlist Model
Phase 1.3 Build Placer Netlist Model | Checksum: 12056357e

Time (s): cpu = 00:00:03 ; elapsed = 00:00:02 . Memory (MB): peak = 1250.875 ; gain = 17.477

Phase 1.4 Constrain Clocks/Macros
Phase 1.4 Constrain Clocks/Macros | Checksum: 12056357e

Time (s): cpu = 00:00:03 ; elapsed = 00:00:02 . Memory (MB): peak = 1250.875 ; gain = 17.477
Phase 1 Placer Initialization | Checksum: 12056357e

Time (s): cpu = 00:00:03 ; elapsed = 00:00:02 . Memory (MB): peak = 1250.875 ; gain = 17.477

Phase 2 Global Placement

Phase 2.1 Floorplanning
Phase 2.1 Floorplanning | Checksum: 1ce2e6b67

Time (s): cpu = 00:00:03 ; elapsed = 00:00:02 . Memory (MB): peak = 1250.875 ; gain = 17.477

Phase 2.2 Physical Synthesis In Placer
INFO: [Physopt 32-65] No nets found for high-fanout optimization.
INFO: [Physopt 32-232] Optimized 0 net. Created 0 new instance.
INFO: [Physopt 32-775] End 1 Pass. Optimized 0 net or cell. Created 0 new cell, deleted 0 existing cell and moved 0 existing cell
Netlist sorting complete. Time (s): cpu = 00:00:00 ; elapsed = 00:00:00.002 . Memory (MB): peak = 1250.875 ; gain = 0.000

Summary of Physical Synthesis Optimizations
============================================


-----------------------------------------------------------------------------------------------------------------------------
|  Optimization       |  Added Cells  |  Removed Cells  |  Optimized Cells/Nets  |  Dont Touch  |  Iterations  |  Elapsed   |
-----------------------------------------------------------------------------------------------------------------------------
|  Very High Fanout   |            0  |              0  |                     0  |           0  |           1  |  00:00:00  |
|  Total              |            0  |              0  |                     0  |           0  |           1  |  00:00:00  |
-----------------------------------------------------------------------------------------------------------------------------


Phase 2.2 Physical Synthesis In Placer | Checksum: 1bfd7ffd3

Time (s): cpu = 00:00:21 ; elapsed = 00:00:13 . Memory (MB): peak = 1250.875 ; gain = 17.477
Phase 2 Global Placement | Checksum: 19d865a2a

Time (s): cpu = 00:00:21 ; elapsed = 00:00:13 . Memory (MB): peak = 1250.875 ; gain = 17.477

Phase 3 Detail Placement

Phase 3.1 Commit Multi Column Macros
Phase 3.1 Commit Multi Column Macros | Checksum: 19d865a2a

Time (s): cpu = 00:00:21 ; elapsed = 00:00:13 . Memory (MB): peak = 1250.875 ; gain = 17.477

Phase 3.2 Commit Most Macros & LUTRAMs
Phase 3.2 Commit Most Macros & LUTRAMs | Checksum: 1693644ea

Time (s): cpu = 00:00:21 ; elapsed = 00:00:14 . Memory (MB): peak = 1250.875 ; gain = 17.477

Phase 3.3 Area Swap Optimization
Phase 3.3 Area Swap Optimization | Checksum: 18061f327

Time (s): cpu = 00:00:21 ; elapsed = 00:00:14 . Memory (MB): peak = 1250.875 ; gain = 17.477

Phase 3.4 Pipeline Register Optimization
Phase 3.4 Pipeline Register Optimization | Checksum: 18a72be2d

Time (s): cpu = 00:00:21 ; elapsed = 00:00:14 . Memory (MB): peak = 1250.875 ; gain = 17.477

Phase 3.5 Timing Path Optimizer
Phase 3.5 Timing Path Optimizer | Checksum: 18a72be2d

Time (s): cpu = 00:00:21 ; elapsed = 00:00:14 . Memory (MB): peak = 1250.875 ; gain = 17.477

Phase 3.6 Fast Optimization
Phase 3.6 Fast Optimization | Checksum: ff9a8fd0

Time (s): cpu = 00:00:23 ; elapsed = 00:00:15 . Memory (MB): peak = 1250.875 ; gain = 17.477

Phase 3.7 Small Shape Detail Placement
Phase 3.7 Small Shape Detail Placement | Checksum: 146678674

Time (s): cpu = 00:00:23 ; elapsed = 00:00:16 . Memory (MB): peak = 1250.875 ; gain = 17.477

Phase 3.8 Re-assign LUT pins
Phase 3.8 Re-assign LUT pins | Checksum: 16f014c05

Time (s): cpu = 00:00:24 ; elapsed = 00:00:16 . Memory (MB): peak = 1250.875 ; gain = 17.477

Phase 3.9 Pipeline Register Optimization
Phase 3.9 Pipeline Register Optimization | Checksum: 16f014c05

Time (s): cpu = 00:00:24 ; elapsed = 00:00:16 . Memory (MB): peak = 1250.875 ; gain = 17.477

Phase 3.10 Fast Optimization
Phase 3.10 Fast Optimization | Checksum: fd47f37b

Time (s): cpu = 00:00:26 ; elapsed = 00:00:18 . Memory (MB): peak = 1250.875 ; gain = 17.477
Phase 3 Detail Placement | Checksum: fd47f37b

Time (s): cpu = 00:00:26 ; elapsed = 00:00:18 . Memory (MB): peak = 1250.875 ; gain = 17.477

Phase 4 Post Placement Optimization and Clean-Up

Phase 4.1 Post Commit Optimization
INFO: [Timing 38-35] Done setting XDC timing constraints.

Phase 4.1.1 Post Placement Optimization
Post Placement Optimization Initialization | Checksum: ca2c3971

Phase 4.1.1.1 BUFG Insertion
INFO: [Place 46-31] BUFG insertion identified 0 candidate nets, 0 success, 0 skipped for placement/routing, 0 skipped for timing, 0 skipped for netlist change reason.
Phase 4.1.1.1 BUFG Insertion | Checksum: ca2c3971

Time (s): cpu = 00:00:27 ; elapsed = 00:00:18 . Memory (MB): peak = 1250.875 ; gain = 17.477
INFO: [Place 30-746] Post Placement Timing Summary WNS=0.529. For the most accurate timing information please run report_timing.
Phase 4.1.1 Post Placement Optimization | Checksum: 1c3981241

Time (s): cpu = 00:00:33 ; elapsed = 00:00:25 . Memory (MB): peak = 1250.875 ; gain = 17.477
Phase 4.1 Post Commit Optimization | Checksum: 1c3981241

Time (s): cpu = 00:00:33 ; elapsed = 00:00:25 . Memory (MB): peak = 1250.875 ; gain = 17.477

Phase 4.2 Post Placement Cleanup
Phase 4.2 Post Placement Cleanup | Checksum: 1c3981241

Time (s): cpu = 00:00:33 ; elapsed = 00:00:25 . Memory (MB): peak = 1250.875 ; gain = 17.477

Phase 4.3 Placer Reporting
Phase 4.3 Placer Reporting | Checksum: 1c3981241

Time (s): cpu = 00:00:33 ; elapsed = 00:00:25 . Memory (MB): peak = 1250.875 ; gain = 17.477

Phase 4.4 Final Placement Cleanup
Phase 4.4 Final Placement Cleanup | Checksum: 236c5ac84

Time (s): cpu = 00:00:33 ; elapsed = 00:00:25 . Memory (MB): peak = 1250.875 ; gain = 17.477
Phase 4 Post Placement Optimization and Clean-Up | Checksum: 236c5ac84

Time (s): cpu = 00:00:33 ; elapsed = 00:00:25 . Memory (MB): peak = 1250.875 ; gain = 17.477
Ending Placer Task | Checksum: 1809f6c42

Time (s): cpu = 00:00:33 ; elapsed = 00:00:25 . Memory (MB): peak = 1250.875 ; gain = 17.477
INFO: [Common 17-83] Releasing license: Implementation
62 Infos, 0 Warnings, 0 Critical Warnings and 0 Errors encountered.
place_design completed successfully
place_design: Time (s): cpu = 00:00:35 ; elapsed = 00:00:26 . Memory (MB): peak = 1250.875 ; gain = 17.477
INFO: [Timing 38-480] Writing timing data to binary archive.
Writing placer database...
Writing XDEF routing.
Writing XDEF routing logical nets.
Writing XDEF routing special nets.
Write XDEF Complete: Time (s): cpu = 00:00:00 ; elapsed = 00:00:00.192 . Memory (MB): peak = 1250.875 ; gain = 0.000
INFO: [Common 17-1381] The checkpoint 'D:/Projects/Code/ece540w20_proj3_r1_1/project_3/project_3.runs/impl_183_v1/nexys4fpga_v1_placed.dcp' has been generated.
INFO: [runtcl-4] Executing : report_io -file nexys4fpga_v1_io_placed.rpt
report_io: Time (s): cpu = 00:00:01 ; elapsed = 00:00:00.081 . Memory (MB): peak = 1250.875 ; gain = 0.000
INFO: [runtcl-4] Executing : report_utilization -file nexys4fpga_v1_utilization_placed.rpt -pb nexys4fpga_v1_utilization_placed.pb
report_utilization: Time (s): cpu = 00:00:00 ; elapsed = 00:00:00.072 . Memory (MB): peak = 1250.875 ; gain = 0.000
INFO: [runtcl-4] Executing : report_control_sets -verbose -file nexys4fpga_v1_control_sets_placed.rpt
report_control_sets: Time (s): cpu = 00:00:00 ; elapsed = 00:00:00.019 . Memory (MB): peak = 1250.875 ; gain = 0.000
Command: phys_opt_design -directive AlternateFlowWithRetiming
Attempting to get a license for feature 'Implementation' and/or device 'xc7a100t'
INFO: [Common 17-349] Got license for feature 'Implementation' and/or device 'xc7a100t'
INFO: [Vivado_Tcl 4-137] Directive used for phys_opt_design is: AlternateFlowWithRetiming
INFO: [Vivado_Tcl 4-383] Design worst setup slack (WNS) is greater than or equal to 0.250 ns. Skipping all physical synthesis optimizations.
INFO: [Vivado_Tcl 4-232] No setup violation found. The netlist was not modified.
INFO: [Common 17-83] Releasing license: Implementation
72 Infos, 0 Warnings, 0 Critical Warnings and 0 Errors encountered.
phys_opt_design completed successfully
INFO: [Timing 38-480] Writing timing data to binary archive.
Writing placer database...
Writing XDEF routing.
Writing XDEF routing logical nets.
Writing XDEF routing special nets.
Write XDEF Complete: Time (s): cpu = 00:00:01 ; elapsed = 00:00:00.203 . Memory (MB): peak = 1250.875 ; gain = 0.000
INFO: [Common 17-1381] The checkpoint 'D:/Projects/Code/ece540w20_proj3_r1_1/project_3/project_3.runs/impl_183_v1/nexys4fpga_v1_physopt.dcp' has been generated.
Command: route_design -directive AlternateCLBRouting
Attempting to get a license for feature 'Implementation' and/or device 'xc7a100t'
INFO: [Common 17-349] Got license for feature 'Implementation' and/or device 'xc7a100t'
Running DRC as a precondition to command route_design
INFO: [DRC 23-27] Running DRC with 2 threads
INFO: [Vivado_Tcl 4-198] DRC finished with 0 Errors
INFO: [Vivado_Tcl 4-199] Please refer to the DRC report (report_drc) for more information.


Starting Routing Task
INFO: [Route 35-270] Using Router directive 'AlternateCLBRouting'.
INFO: [Route 35-254] Multithreading enabled for route_design using a maximum of 2 CPUs
Checksum: PlaceDB: ff2c4234 ConstDB: 0 ShapeSum: 81732a0e RouteDB: 0

Phase 1 Build RT Design
Phase 1 Build RT Design | Checksum: 1bebfe298

Time (s): cpu = 00:00:35 ; elapsed = 00:00:31 . Memory (MB): peak = 1377.461 ; gain = 126.586
Post Restoration Checksum: NetGraph: c8ce9d56 NumContArr: f5f14542 Constraints: 0 Timing: 0

Phase 2 Router Initialization

Phase 2.1 Create Timer
Phase 2.1 Create Timer | Checksum: 1bebfe298

Time (s): cpu = 00:00:35 ; elapsed = 00:00:31 . Memory (MB): peak = 1377.461 ; gain = 126.586

Phase 2.2 Fix Topology Constraints
Phase 2.2 Fix Topology Constraints | Checksum: 1bebfe298

Time (s): cpu = 00:00:35 ; elapsed = 00:00:31 . Memory (MB): peak = 1383.691 ; gain = 132.816

Phase 2.3 Pre Route Cleanup
Phase 2.3 Pre Route Cleanup | Checksum: 1bebfe298

Time (s): cpu = 00:00:35 ; elapsed = 00:00:31 . Memory (MB): peak = 1383.691 ; gain = 132.816
 Number of Nodes with overlaps = 0

Phase 2.4 Update Timing
Phase 2.4 Update Timing | Checksum: 228b61ed5

Time (s): cpu = 00:00:36 ; elapsed = 00:00:32 . Memory (MB): peak = 1399.723 ; gain = 148.848
INFO: [Route 35-416] Intermediate Timing Summary | WNS=0.566  | TNS=0.000  | WHS=-0.213 | THS=-56.234|

Phase 2 Router Initialization | Checksum: 1faf558b9

Time (s): cpu = 00:00:37 ; elapsed = 00:00:32 . Memory (MB): peak = 1399.723 ; gain = 148.848

Phase 3 Initial Routing
Phase 3 Initial Routing | Checksum: 164dd5b24

Time (s): cpu = 00:00:37 ; elapsed = 00:00:32 . Memory (MB): peak = 1399.723 ; gain = 148.848

Phase 4 Rip-up And Reroute

Phase 4.1 Global Iteration 0
 Number of Nodes with overlaps = 250
 Number of Nodes with overlaps = 109
 Number of Nodes with overlaps = 55
 Number of Nodes with overlaps = 25
 Number of Nodes with overlaps = 15
 Number of Nodes with overlaps = 3
 Number of Nodes with overlaps = 4
 Number of Nodes with overlaps = 3
 Number of Nodes with overlaps = 2
 Number of Nodes with overlaps = 1
 Number of Nodes with overlaps = 0
INFO: [Route 35-416] Intermediate Timing Summary | WNS=-0.010 | TNS=-0.010 | WHS=N/A    | THS=N/A    |

Phase 4.1 Global Iteration 0 | Checksum: 1220bc1ba

Time (s): cpu = 00:00:42 ; elapsed = 00:00:35 . Memory (MB): peak = 1399.723 ; gain = 148.848

Phase 4.2 Global Iteration 1
 Number of Nodes with overlaps = 11
 Number of Nodes with overlaps = 4
 Number of Nodes with overlaps = 1
 Number of Nodes with overlaps = 0
INFO: [Route 35-416] Intermediate Timing Summary | WNS=0.521  | TNS=0.000  | WHS=N/A    | THS=N/A    |

Phase 4.2 Global Iteration 1 | Checksum: 125e0a4fb

Time (s): cpu = 00:00:42 ; elapsed = 00:00:36 . Memory (MB): peak = 1399.723 ; gain = 148.848
Phase 4 Rip-up And Reroute | Checksum: 125e0a4fb

Time (s): cpu = 00:00:42 ; elapsed = 00:00:36 . Memory (MB): peak = 1399.723 ; gain = 148.848

Phase 5 Delay and Skew Optimization

Phase 5.1 Delay CleanUp
Phase 5.1 Delay CleanUp | Checksum: 125e0a4fb

Time (s): cpu = 00:00:42 ; elapsed = 00:00:36 . Memory (MB): peak = 1399.723 ; gain = 148.848

Phase 5.2 Clock Skew Optimization
Phase 5.2 Clock Skew Optimization | Checksum: 125e0a4fb

Time (s): cpu = 00:00:42 ; elapsed = 00:00:36 . Memory (MB): peak = 1399.723 ; gain = 148.848
Phase 5 Delay and Skew Optimization | Checksum: 125e0a4fb

Time (s): cpu = 00:00:42 ; elapsed = 00:00:36 . Memory (MB): peak = 1399.723 ; gain = 148.848

Phase 6 Post Hold Fix

Phase 6.1 Hold Fix Iter

Phase 6.1.1 Update Timing
Phase 6.1.1 Update Timing | Checksum: 171af5b10

Time (s): cpu = 00:00:43 ; elapsed = 00:00:36 . Memory (MB): peak = 1399.723 ; gain = 148.848
INFO: [Route 35-416] Intermediate Timing Summary | WNS=0.577  | TNS=0.000  | WHS=0.048  | THS=0.000  |

Phase 6.1 Hold Fix Iter | Checksum: 1df939901

Time (s): cpu = 00:00:43 ; elapsed = 00:00:36 . Memory (MB): peak = 1399.723 ; gain = 148.848
Phase 6 Post Hold Fix | Checksum: 1df939901

Time (s): cpu = 00:00:43 ; elapsed = 00:00:36 . Memory (MB): peak = 1399.723 ; gain = 148.848

Phase 7 Route finalize

Router Utilization Summary
  Global Vertical Routing Utilization    = 0.266179 %
  Global Horizontal Routing Utilization  = 0.294047 %
  Routable Net Status*
  *Does not include unroutable nets such as driverless and loadless.
  Run report_route_status for detailed report.
  Number of Failed Nets               = 0
  Number of Unrouted Nets             = 0
  Number of Partially Routed Nets     = 0
  Number of Node Overlaps             = 0

Phase 7 Route finalize | Checksum: 1a25c1054

Time (s): cpu = 00:00:43 ; elapsed = 00:00:36 . Memory (MB): peak = 1399.723 ; gain = 148.848

Phase 8 Verifying routed nets

 Verification completed successfully
Phase 8 Verifying routed nets | Checksum: 1a25c1054

Time (s): cpu = 00:00:43 ; elapsed = 00:00:36 . Memory (MB): peak = 1399.723 ; gain = 148.848

Phase 9 Depositing Routes
Phase 9 Depositing Routes | Checksum: 1562dc395

Time (s): cpu = 00:00:43 ; elapsed = 00:00:36 . Memory (MB): peak = 1399.723 ; gain = 148.848

Phase 10 Post Router Timing
INFO: [Route 35-20] Post Routing Timing Summary | WNS=0.581  | TNS=0.000  | WHS=0.056  | THS=0.000  |

INFO: [Route 35-61] The design met the timing requirement.
Phase 10 Post Router Timing | Checksum: 1b84ceb48

Time (s): cpu = 00:00:44 ; elapsed = 00:00:37 . Memory (MB): peak = 1399.723 ; gain = 148.848
INFO: [Route 35-16] Router Completed Successfully

Time (s): cpu = 00:00:44 ; elapsed = 00:00:37 . Memory (MB): peak = 1399.723 ; gain = 148.848

Routing Is Done.
INFO: [Common 17-83] Releasing license: Implementation
88 Infos, 0 Warnings, 0 Critical Warnings and 0 Errors encountered.
route_design completed successfully
route_design: Time (s): cpu = 00:00:46 ; elapsed = 00:00:38 . Memory (MB): peak = 1399.723 ; gain = 148.848
INFO: [Timing 38-480] Writing timing data to binary archive.
Writing placer database...
Writing XDEF routing.
Writing XDEF routing logical nets.
Writing XDEF routing special nets.
Write XDEF Complete: Time (s): cpu = 00:00:01 ; elapsed = 00:00:00.241 . Memory (MB): peak = 1399.723 ; gain = 0.000
INFO: [Common 17-1381] The checkpoint 'D:/Projects/Code/ece540w20_proj3_r1_1/project_3/project_3.runs/impl_183_v1/nexys4fpga_v1_routed.dcp' has been generated.
INFO: [runtcl-4] Executing : report_drc -file nexys4fpga_v1_drc_routed.rpt -pb nexys4fpga_v1_drc_routed.pb -rpx nexys4fpga_v1_drc_routed.rpx
Command: report_drc -file nexys4fpga_v1_drc_routed.rpt -pb nexys4fpga_v1_drc_routed.pb -rpx nexys4fpga_v1_drc_routed.rpx
INFO: [DRC 23-27] Running DRC with 2 threads
INFO: [Coretcl 2-168] The results of DRC are in file D:/Projects/Code/ece540w20_proj3_r1_1/project_3/project_3.runs/impl_183_v1/nexys4fpga_v1_drc_routed.rpt.
report_drc completed successfully
INFO: [runtcl-4] Executing : report_methodology -file nexys4fpga_v1_methodology_drc_routed.rpt -pb nexys4fpga_v1_methodology_drc_routed.pb -rpx nexys4fpga_v1_methodology_drc_routed.rpx
Command: report_methodology -file nexys4fpga_v1_methodology_drc_routed.rpt -pb nexys4fpga_v1_methodology_drc_routed.pb -rpx nexys4fpga_v1_methodology_drc_routed.rpx
INFO: [Timing 38-35] Done setting XDC timing constraints.
INFO: [Timing 38-35] Done setting XDC timing constraints.
INFO: [DRC 23-133] Running Methodology with 2 threads
INFO: [Coretcl 2-1520] The results of Report Methodology are in file D:/Projects/Code/ece540w20_proj3_r1_1/project_3/project_3.runs/impl_183_v1/nexys4fpga_v1_methodology_drc_routed.rpt.
report_methodology completed successfully
INFO: [runtcl-4] Executing : report_power -file nexys4fpga_v1_power_routed.rpt -pb nexys4fpga_v1_power_summary_routed.pb -rpx nexys4fpga_v1_power_routed.rpx
Command: report_power -file nexys4fpga_v1_power_routed.rpt -pb nexys4fpga_v1_power_summary_routed.pb -rpx nexys4fpga_v1_power_routed.rpx
INFO: [Timing 38-35] Done setting XDC timing constraints.
Running Vector-less Activity Propagation...

Finished Running Vector-less Activity Propagation
WARNING: [Power 33-332] Found switching activity that implies high-fanout reset nets being asserted for excessive periods of time which may result in inaccurate power analysis.
Resolution: To review and fix problems, please run Power Constraints Advisor in the GUI from Tools > Power Constraints Advisor or run report_power with the -advisory option to generate a text report.
100 Infos, 1 Warnings, 0 Critical Warnings and 0 Errors encountered.
report_power completed successfully
INFO: [runtcl-4] Executing : report_route_status -file nexys4fpga_v1_route_status.rpt -pb nexys4fpga_v1_route_status.pb
INFO: [runtcl-4] Executing : report_timing_summary -max_paths 10 -file nexys4fpga_v1_timing_summary_routed.rpt -pb nexys4fpga_v1_timing_summary_routed.pb -rpx nexys4fpga_v1_timing_summary_routed.rpx
INFO: [Timing 38-91] UpdateTimingParams: Speed grade: -1, Delay Type: min_max, Timing Stage: Requireds.
INFO: [Timing 38-191] Multithreading enabled for timing update using a maximum of 2 CPUs
INFO: [runtcl-4] Executing : report_incremental_reuse -file nexys4fpga_v1_incremental_reuse_routed.rpt
INFO: [Vivado_Tcl 4-545] No incremental reuse to report, no incremental placement and routing data was found.
INFO: [runtcl-4] Executing : report_clock_utilization -file nexys4fpga_v1_clock_utilization_routed.rpt
INFO: [runtcl-4] Executing : report_bus_skew -warn_on_violation -file nexys4fpga_v1_bus_skew_routed.rpt -pb nexys4fpga_v1_bus_skew_routed.pb -rpx nexys4fpga_v1_bus_skew_routed.rpx
INFO: [Timing 38-91] UpdateTimingParams: Speed grade: -1, Delay Type: min_max, Timing Stage: Requireds.
INFO: [Timing 38-191] Multithreading enabled for timing update using a maximum of 2 CPUs
Command: phys_opt_design -directive ExploreWithAggressiveHoldFix
Attempting to get a license for feature 'Implementation' and/or device 'xc7a100t'
INFO: [Common 17-349] Got license for feature 'Implementation' and/or device 'xc7a100t'
INFO: [Vivado_Tcl 4-241] Physical synthesis in post route mode ( 100.0% nets are fully routed)
INFO: [Vivado_Tcl 4-137] Directive used for phys_opt_design is: ExploreWithAggressiveHoldFix
INFO: [Vivado_Tcl 4-383] Design worst setup slack (WNS) is greater than or equal to 0.000 ns. Skipping all physical synthesis optimizations.
INFO: [Vivado_Tcl 4-232] No setup violation found. The netlist was not modified.
INFO: [Common 17-83] Releasing license: Implementation
116 Infos, 1 Warnings, 0 Critical Warnings and 0 Errors encountered.
phys_opt_design completed successfully
INFO: [Timing 38-480] Writing timing data to binary archive.
Writing placer database...
Writing XDEF routing.
Writing XDEF routing logical nets.
Writing XDEF routing special nets.
Write XDEF Complete: Time (s): cpu = 00:00:01 ; elapsed = 00:00:00.250 . Memory (MB): peak = 1399.723 ; gain = 0.000
INFO: [Common 17-1381] The checkpoint 'D:/Projects/Code/ece540w20_proj3_r1_1/project_3/project_3.runs/impl_183_v1/nexys4fpga_v1_postroute_physopt.dcp' has been generated.
INFO: [runtcl-4] Executing : report_timing_summary -max_paths 10 -warn_on_violation -file nexys4fpga_v1_timing_summary_postroute_physopted.rpt -pb nexys4fpga_v1_timing_summary_postroute_physopted.pb -rpx nexys4fpga_v1_timing_summary_postroute_physopted.rpx
INFO: [Timing 38-91] UpdateTimingParams: Speed grade: -1, Delay Type: min_max, Timing Stage: Requireds.
INFO: [Timing 38-191] Multithreading enabled for timing update using a maximum of 2 CPUs
INFO: [runtcl-4] Executing : report_bus_skew -warn_on_violation -file nexys4fpga_v1_bus_skew_postroute_physopted.rpt -pb nexys4fpga_v1_bus_skew_postroute_physopted.pb -rpx nexys4fpga_v1_bus_skew_postroute_physopted.rpx
INFO: [Timing 38-91] UpdateTimingParams: Speed grade: -1, Delay Type: min_max, Timing Stage: Requireds.
INFO: [Timing 38-191] Multithreading enabled for timing update using a maximum of 2 CPUs
INFO: [Common 17-206] Exiting Vivado at Mon Mar  2 02:17:40 2020...
